{"C:\\Users\\ASUS\\OneDrive\\Desktop\\micro\\cart\\src\\app.js": {"path":"C:\\Users\\ASUS\\OneDrive\\Desktop\\micro\\cart\\src\\app.js","statementMap":{"0":{"start":{"line":1,"column":0},"end":{"line":1,"column":27}},"1":{"start":{"line":2,"column":16},"end":{"line":2,"column":34}},"2":{"start":{"line":3,"column":21},"end":{"line":3,"column":45}},"3":{"start":{"line":4,"column":19},"end":{"line":4,"column":50}},"4":{"start":{"line":6,"column":12},"end":{"line":6,"column":21}},"5":{"start":{"line":7,"column":0},"end":{"line":7,"column":24}},"6":{"start":{"line":8,"column":0},"end":{"line":8,"column":24}},"7":{"start":{"line":10,"column":0},"end":{"line":10,"column":33}},"8":{"start":{"line":11,"column":0},"end":{"line":11,"column":21}}},"fnMap":{},"branchMap":{},"s":{"0":1,"1":1,"2":1,"3":1,"4":1,"5":1,"6":1,"7":1,"8":1},"f":{},"b":{},"_coverageSchema":"1a1c01bbd47fc00a2c39e90264f33305004495a9","hash":"01ab58811e9ed936dab2c4bb940d4c7d8ba35336"}
,"C:\\Users\\ASUS\\OneDrive\\Desktop\\micro\\cart\\src\\controllers\\cart.controllers.js": {"path":"C:\\Users\\ASUS\\OneDrive\\Desktop\\micro\\cart\\src\\controllers\\cart.controllers.js","statementMap":{"0":{"start":{"line":1,"column":18},"end":{"line":1,"column":44}},"1":{"start":{"line":2,"column":14},"end":{"line":2,"column":36}},"2":{"start":{"line":5,"column":2},"end":{"line":5,"column":60}},"3":{"start":{"line":8,"column":16},"end":{"line":8,"column":18}},"4":{"start":{"line":9,"column":20},"end":{"line":9,"column":21}},"5":{"start":{"line":10,"column":17},"end":{"line":10,"column":22}},"6":{"start":{"line":12,"column":2},"end":{"line":41,"column":3}},"7":{"start":{"line":13,"column":4},"end":{"line":40,"column":5}},"8":{"start":{"line":14,"column":24},"end":{"line":14,"column":49}},"9":{"start":{"line":15,"column":18},"end":{"line":15,"column":26}},"10":{"start":{"line":17,"column":6},"end":{"line":34,"column":7}},"11":{"start":{"line":18,"column":25},"end":{"line":20,"column":9}},"12":{"start":{"line":21,"column":8},"end":{"line":28,"column":9}},"13":{"start":{"line":22,"column":26},"end":{"line":22,"column":47}},"14":{"start":{"line":23,"column":26},"end":{"line":23,"column":41}},"15":{"start":{"line":24,"column":10},"end":{"line":27,"column":11}},"16":{"start":{"line":25,"column":12},"end":{"line":25,"column":54}},"17":{"start":{"line":26,"column":12},"end":{"line":26,"column":58}},"18":{"start":{"line":30,"column":8},"end":{"line":33,"column":10}},"19":{"start":{"line":36,"column":6},"end":{"line":39,"column":9}},"20":{"start":{"line":43,"column":2},"end":{"line":49,"column":4}},"21":{"start":{"line":53,"column":2},"end":{"line":77,"column":3}},"22":{"start":{"line":54,"column":17},"end":{"line":54,"column":25}},"23":{"start":{"line":55,"column":15},"end":{"line":55,"column":58}},"24":{"start":{"line":57,"column":4},"end":{"line":68,"column":5}},"25":{"start":{"line":58,"column":6},"end":{"line":67,"column":9}},"26":{"start":{"line":70,"column":26},"end":{"line":70,"column":66}},"27":{"start":{"line":71,"column":4},"end":{"line":74,"column":7}},"28":{"start":{"line":76,"column":4},"end":{"line":76,"column":58}},"29":{"start":{"line":81,"column":2},"end":{"line":128,"column":3}},"30":{"start":{"line":82,"column":17},"end":{"line":82,"column":25}},"31":{"start":{"line":83,"column":31},"end":{"line":83,"column":39}},"32":{"start":{"line":86,"column":28},"end":{"line":88,"column":5}},"33":{"start":{"line":89,"column":4},"end":{"line":91,"column":5}},"34":{"start":{"line":90,"column":6},"end":{"line":90,"column":68}},"35":{"start":{"line":93,"column":15},"end":{"line":93,"column":58}},"36":{"start":{"line":94,"column":4},"end":{"line":96,"column":5}},"37":{"start":{"line":95,"column":6},"end":{"line":95,"column":58}},"38":{"start":{"line":98,"column":30},"end":{"line":100,"column":5}},"39":{"start":{"line":99,"column":16},"end":{"line":99,"column":55}},"40":{"start":{"line":102,"column":23},"end":{"line":102,"column":85}},"41":{"start":{"line":103,"column":19},"end":{"line":103,"column":35}},"42":{"start":{"line":105,"column":4},"end":{"line":107,"column":5}},"43":{"start":{"line":106,"column":6},"end":{"line":106,"column":69}},"44":{"start":{"line":109,"column":4},"end":{"line":113,"column":5}},"45":{"start":{"line":110,"column":6},"end":{"line":110,"column":49}},"46":{"start":{"line":112,"column":6},"end":{"line":112,"column":42}},"47":{"start":{"line":115,"column":4},"end":{"line":115,"column":22}},"48":{"start":{"line":118,"column":4},"end":{"line":118,"column":55}},"49":{"start":{"line":120,"column":26},"end":{"line":120,"column":66}},"50":{"start":{"line":122,"column":4},"end":{"line":125,"column":7}},"51":{"start":{"line":127,"column":4},"end":{"line":127,"column":58}},"52":{"start":{"line":132,"column":2},"end":{"line":172,"column":3}},"53":{"start":{"line":133,"column":17},"end":{"line":133,"column":25}},"54":{"start":{"line":134,"column":26},"end":{"line":134,"column":36}},"55":{"start":{"line":135,"column":20},"end":{"line":135,"column":28}},"56":{"start":{"line":137,"column":4},"end":{"line":139,"column":5}},"57":{"start":{"line":138,"column":6},"end":{"line":138,"column":69}},"58":{"start":{"line":141,"column":15},"end":{"line":141,"column":58}},"59":{"start":{"line":142,"column":4},"end":{"line":144,"column":5}},"60":{"start":{"line":143,"column":6},"end":{"line":143,"column":67}},"61":{"start":{"line":146,"column":30},"end":{"line":148,"column":5}},"62":{"start":{"line":147,"column":16},"end":{"line":147,"column":55}},"63":{"start":{"line":149,"column":4},"end":{"line":151,"column":5}},"64":{"start":{"line":150,"column":6},"end":{"line":150,"column":63}},"65":{"start":{"line":153,"column":19},"end":{"line":153,"column":37}},"66":{"start":{"line":155,"column":4},"end":{"line":161,"column":5}},"67":{"start":{"line":156,"column":6},"end":{"line":156,"column":46}},"68":{"start":{"line":157,"column":6},"end":{"line":157,"column":52}},"69":{"start":{"line":159,"column":6},"end":{"line":159,"column":49}},"70":{"start":{"line":160,"column":6},"end":{"line":160,"column":57}},"71":{"start":{"line":163,"column":4},"end":{"line":163,"column":22}},"72":{"start":{"line":165,"column":26},"end":{"line":165,"column":66}},"73":{"start":{"line":166,"column":4},"end":{"line":169,"column":7}},"74":{"start":{"line":171,"column":4},"end":{"line":171,"column":58}},"75":{"start":{"line":176,"column":2},"end":{"line":205,"column":3}},"76":{"start":{"line":177,"column":17},"end":{"line":177,"column":25}},"77":{"start":{"line":178,"column":26},"end":{"line":178,"column":36}},"78":{"start":{"line":180,"column":15},"end":{"line":180,"column":58}},"79":{"start":{"line":181,"column":4},"end":{"line":183,"column":5}},"80":{"start":{"line":182,"column":6},"end":{"line":182,"column":65}},"81":{"start":{"line":185,"column":30},"end":{"line":187,"column":5}},"82":{"start":{"line":186,"column":16},"end":{"line":186,"column":55}},"83":{"start":{"line":188,"column":4},"end":{"line":190,"column":5}},"84":{"start":{"line":189,"column":6},"end":{"line":189,"column":73}},"85":{"start":{"line":192,"column":4},"end":{"line":192,"column":44}},"86":{"start":{"line":193,"column":4},"end":{"line":193,"column":22}},"87":{"start":{"line":196,"column":4},"end":{"line":196,"column":50}},"88":{"start":{"line":198,"column":26},"end":{"line":198,"column":66}},"89":{"start":{"line":199,"column":4},"end":{"line":202,"column":7}},"90":{"start":{"line":204,"column":4},"end":{"line":204,"column":58}},"91":{"start":{"line":209,"column":2},"end":{"line":246,"column":3}},"92":{"start":{"line":210,"column":17},"end":{"line":210,"column":25}},"93":{"start":{"line":211,"column":15},"end":{"line":211,"column":58}},"94":{"start":{"line":213,"column":4},"end":{"line":224,"column":5}},"95":{"start":{"line":214,"column":6},"end":{"line":223,"column":9}},"96":{"start":{"line":227,"column":4},"end":{"line":229,"column":5}},"97":{"start":{"line":228,"column":6},"end":{"line":228,"column":57}},"98":{"start":{"line":231,"column":4},"end":{"line":231,"column":20}},"99":{"start":{"line":232,"column":4},"end":{"line":232,"column":22}},"100":{"start":{"line":234,"column":4},"end":{"line":243,"column":7}},"101":{"start":{"line":245,"column":4},"end":{"line":245,"column":58}},"102":{"start":{"line":249,"column":0},"end":{"line":255,"column":2}}},"fnMap":{"0":{"name":"formatCartAndCalculateTotals","decl":{"start":{"line":7,"column":15},"end":{"line":7,"column":43}},"loc":{"start":{"line":7,"column":50},"end":{"line":50,"column":1}},"line":7},"1":{"name":"getCart","decl":{"start":{"line":52,"column":15},"end":{"line":52,"column":22}},"loc":{"start":{"line":52,"column":33},"end":{"line":78,"column":1}},"line":52},"2":{"name":"addItemTocart","decl":{"start":{"line":80,"column":15},"end":{"line":80,"column":28}},"loc":{"start":{"line":80,"column":39},"end":{"line":129,"column":1}},"line":80},"3":{"name":"(anonymous_3)","decl":{"start":{"line":99,"column":6},"end":{"line":99,"column":7}},"loc":{"start":{"line":99,"column":16},"end":{"line":99,"column":55}},"line":99},"4":{"name":"updateItemTocart","decl":{"start":{"line":131,"column":15},"end":{"line":131,"column":31}},"loc":{"start":{"line":131,"column":42},"end":{"line":173,"column":1}},"line":131},"5":{"name":"(anonymous_5)","decl":{"start":{"line":147,"column":6},"end":{"line":147,"column":7}},"loc":{"start":{"line":147,"column":16},"end":{"line":147,"column":55}},"line":147},"6":{"name":"removeItemTocart","decl":{"start":{"line":175,"column":15},"end":{"line":175,"column":31}},"loc":{"start":{"line":175,"column":42},"end":{"line":206,"column":1}},"line":175},"7":{"name":"(anonymous_7)","decl":{"start":{"line":186,"column":6},"end":{"line":186,"column":7}},"loc":{"start":{"line":186,"column":16},"end":{"line":186,"column":55}},"line":186},"8":{"name":"clearCart","decl":{"start":{"line":208,"column":15},"end":{"line":208,"column":24}},"loc":{"start":{"line":208,"column":35},"end":{"line":247,"column":1}},"line":208}},"branchMap":{"0":{"loc":{"start":{"line":5,"column":2},"end":{"line":5,"column":60}},"type":"binary-expr","locations":[{"start":{"line":5,"column":2},"end":{"line":5,"column":33}},{"start":{"line":5,"column":37},"end":{"line":5,"column":60}}],"line":5},"1":{"loc":{"start":{"line":12,"column":2},"end":{"line":41,"column":3}},"type":"if","locations":[{"start":{"line":12,"column":2},"end":{"line":41,"column":3}},{"start":{},"end":{}}],"line":12},"2":{"loc":{"start":{"line":12,"column":6},"end":{"line":12,"column":49}},"type":"binary-expr","locations":[{"start":{"line":12,"column":6},"end":{"line":12,"column":10}},{"start":{"line":12,"column":14},"end":{"line":12,"column":24}},{"start":{"line":12,"column":28},"end":{"line":12,"column":49}}],"line":12},"3":{"loc":{"start":{"line":21,"column":8},"end":{"line":28,"column":9}},"type":"if","locations":[{"start":{"line":21,"column":8},"end":{"line":28,"column":9}},{"start":{},"end":{}}],"line":21},"4":{"loc":{"start":{"line":24,"column":10},"end":{"line":27,"column":11}},"type":"if","locations":[{"start":{"line":24,"column":10},"end":{"line":27,"column":11}},{"start":{},"end":{}}],"line":24},"5":{"loc":{"start":{"line":24,"column":14},"end":{"line":24,"column":38}},"type":"binary-expr","locations":[{"start":{"line":24,"column":14},"end":{"line":24,"column":21}},{"start":{"line":24,"column":25},"end":{"line":24,"column":38}}],"line":24},"6":{"loc":{"start":{"line":26,"column":23},"end":{"line":26,"column":57}},"type":"binary-expr","locations":[{"start":{"line":26,"column":23},"end":{"line":26,"column":45}},{"start":{"line":26,"column":49},"end":{"line":26,"column":57}}],"line":26},"7":{"loc":{"start":{"line":57,"column":4},"end":{"line":68,"column":5}},"type":"if","locations":[{"start":{"line":57,"column":4},"end":{"line":68,"column":5}},{"start":{},"end":{}}],"line":57},"8":{"loc":{"start":{"line":89,"column":4},"end":{"line":91,"column":5}},"type":"if","locations":[{"start":{"line":89,"column":4},"end":{"line":91,"column":5}},{"start":{},"end":{}}],"line":89},"9":{"loc":{"start":{"line":94,"column":4},"end":{"line":96,"column":5}},"type":"if","locations":[{"start":{"line":94,"column":4},"end":{"line":96,"column":5}},{"start":{},"end":{}}],"line":94},"10":{"loc":{"start":{"line":102,"column":23},"end":{"line":102,"column":85}},"type":"cond-expr","locations":[{"start":{"line":102,"column":48},"end":{"line":102,"column":81}},{"start":{"line":102,"column":84},"end":{"line":102,"column":85}}],"line":102},"11":{"loc":{"start":{"line":105,"column":4},"end":{"line":107,"column":5}},"type":"if","locations":[{"start":{"line":105,"column":4},"end":{"line":107,"column":5}},{"start":{},"end":{}}],"line":105},"12":{"loc":{"start":{"line":109,"column":4},"end":{"line":113,"column":5}},"type":"if","locations":[{"start":{"line":109,"column":4},"end":{"line":113,"column":5}},{"start":{"line":111,"column":11},"end":{"line":113,"column":5}}],"line":109},"13":{"loc":{"start":{"line":137,"column":4},"end":{"line":139,"column":5}},"type":"if","locations":[{"start":{"line":137,"column":4},"end":{"line":139,"column":5}},{"start":{},"end":{}}],"line":137},"14":{"loc":{"start":{"line":142,"column":4},"end":{"line":144,"column":5}},"type":"if","locations":[{"start":{"line":142,"column":4},"end":{"line":144,"column":5}},{"start":{},"end":{}}],"line":142},"15":{"loc":{"start":{"line":149,"column":4},"end":{"line":151,"column":5}},"type":"if","locations":[{"start":{"line":149,"column":4},"end":{"line":151,"column":5}},{"start":{},"end":{}}],"line":149},"16":{"loc":{"start":{"line":153,"column":19},"end":{"line":153,"column":37}},"type":"cond-expr","locations":[{"start":{"line":153,"column":30},"end":{"line":153,"column":31}},{"start":{"line":153,"column":34},"end":{"line":153,"column":37}}],"line":153},"17":{"loc":{"start":{"line":155,"column":4},"end":{"line":161,"column":5}},"type":"if","locations":[{"start":{"line":155,"column":4},"end":{"line":161,"column":5}},{"start":{"line":158,"column":11},"end":{"line":161,"column":5}}],"line":155},"18":{"loc":{"start":{"line":181,"column":4},"end":{"line":183,"column":5}},"type":"if","locations":[{"start":{"line":181,"column":4},"end":{"line":183,"column":5}},{"start":{},"end":{}}],"line":181},"19":{"loc":{"start":{"line":188,"column":4},"end":{"line":190,"column":5}},"type":"if","locations":[{"start":{"line":188,"column":4},"end":{"line":190,"column":5}},{"start":{},"end":{}}],"line":188},"20":{"loc":{"start":{"line":213,"column":4},"end":{"line":224,"column":5}},"type":"if","locations":[{"start":{"line":213,"column":4},"end":{"line":224,"column":5}},{"start":{},"end":{}}],"line":213}},"s":{"0":1,"1":1,"2":1,"3":13,"4":13,"5":13,"6":13,"7":12,"8":14,"9":14,"10":14,"11":14,"12":14,"13":14,"14":14,"15":14,"16":14,"17":14,"18":0,"19":14,"20":13,"21":1,"22":1,"23":1,"24":1,"25":1,"26":0,"27":0,"28":0,"29":12,"30":12,"31":12,"32":12,"33":12,"34":1,"35":11,"36":11,"37":8,"38":11,"39":3,"40":11,"41":11,"42":11,"43":1,"44":10,"45":1,"46":9,"47":10,"48":10,"49":10,"50":10,"51":0,"52":3,"53":3,"54":3,"55":3,"56":3,"57":1,"58":2,"59":2,"60":0,"61":2,"62":2,"63":2,"64":0,"65":2,"66":2,"67":1,"68":1,"69":1,"70":1,"71":2,"72":2,"73":2,"74":0,"75":1,"76":1,"77":1,"78":1,"79":1,"80":0,"81":1,"82":1,"83":1,"84":0,"85":1,"86":1,"87":1,"88":1,"89":1,"90":0,"91":1,"92":1,"93":1,"94":1,"95":0,"96":1,"97":2,"98":1,"99":1,"100":1,"101":0,"102":1},"f":{"0":13,"1":1,"2":12,"3":3,"4":3,"5":2,"6":1,"7":1,"8":1},"b":{"0":[1,1],"1":[12,1],"2":[13,13,13],"3":[14,0],"4":[14,0],"5":[14,14],"6":[14,0],"7":[1,0],"8":[1,11],"9":[8,3],"10":[1,10],"11":[1,10],"12":[1,9],"13":[1,2],"14":[0,2],"15":[0,2],"16":[1,1],"17":[1,1],"18":[0,1],"19":[0,1],"20":[0,1]},"_coverageSchema":"1a1c01bbd47fc00a2c39e90264f33305004495a9","hash":"3ee38d8456de9c13dbe59af5889a0c44c78f2973"}
,"C:\\Users\\ASUS\\OneDrive\\Desktop\\micro\\cart\\src\\middleware\\auth.middleware.js": {"path":"C:\\Users\\ASUS\\OneDrive\\Desktop\\micro\\cart\\src\\middleware\\auth.middleware.js","statementMap":{"0":{"start":{"line":1,"column":12},"end":{"line":1,"column":35}},"1":{"start":{"line":4,"column":2},"end":{"line":20,"column":4}},"2":{"start":{"line":5,"column":18},"end":{"line":5,"column":36}},"3":{"start":{"line":7,"column":4},"end":{"line":9,"column":5}},"4":{"start":{"line":8,"column":6},"end":{"line":8,"column":63}},"5":{"start":{"line":11,"column":4},"end":{"line":19,"column":5}},"6":{"start":{"line":12,"column":27},"end":{"line":12,"column":68}},"7":{"start":{"line":14,"column":6},"end":{"line":14,"column":30}},"8":{"start":{"line":16,"column":6},"end":{"line":16,"column":13}},"9":{"start":{"line":18,"column":6},"end":{"line":18,"column":63}},"10":{"start":{"line":23,"column":0},"end":{"line":23,"column":32}}},"fnMap":{"0":{"name":"authmiddleware","decl":{"start":{"line":3,"column":9},"end":{"line":3,"column":23}},"loc":{"start":{"line":3,"column":42},"end":{"line":21,"column":1}},"line":3},"1":{"name":"(anonymous_1)","decl":{"start":{"line":4,"column":9},"end":{"line":4,"column":10}},"loc":{"start":{"line":4,"column":41},"end":{"line":20,"column":3}},"line":4}},"branchMap":{"0":{"loc":{"start":{"line":3,"column":24},"end":{"line":3,"column":40}},"type":"default-arg","locations":[{"start":{"line":3,"column":32},"end":{"line":3,"column":40}}],"line":3},"1":{"loc":{"start":{"line":7,"column":4},"end":{"line":9,"column":5}},"type":"if","locations":[{"start":{"line":7,"column":4},"end":{"line":9,"column":5}},{"start":{},"end":{}}],"line":7}},"s":{"0":1,"1":5,"2":23,"3":23,"4":5,"5":18,"6":18,"7":18,"8":18,"9":0,"10":1},"f":{"0":5,"1":23},"b":{"0":[0],"1":[5,18]},"_coverageSchema":"1a1c01bbd47fc00a2c39e90264f33305004495a9","hash":"83a292a86c330034c1e05a19b64af2cc0a0e784c"}
,"C:\\Users\\ASUS\\OneDrive\\Desktop\\micro\\cart\\src\\middleware\\validation.middleware.js": {"path":"C:\\Users\\ASUS\\OneDrive\\Desktop\\micro\\cart\\src\\middleware\\validation.middleware.js","statementMap":{"0":{"start":{"line":1,"column":17},"end":{"line":1,"column":36}},"1":{"start":{"line":2,"column":35},"end":{"line":2,"column":63}},"2":{"start":{"line":5,"column":17},"end":{"line":5,"column":38}},"3":{"start":{"line":6,"column":2},"end":{"line":8,"column":3}},"4":{"start":{"line":7,"column":4},"end":{"line":7,"column":60}},"5":{"start":{"line":9,"column":2},"end":{"line":9,"column":9}},"6":{"start":{"line":12,"column":30},"end":{"line":22,"column":1}},"7":{"start":{"line":16,"column":23},"end":{"line":16,"column":61}},"8":{"start":{"line":24,"column":33},"end":{"line":27,"column":1}},"9":{"start":{"line":29,"column":0},"end":{"line":33,"column":2}}},"fnMap":{"0":{"name":"validateResult","decl":{"start":{"line":4,"column":9},"end":{"line":4,"column":23}},"loc":{"start":{"line":4,"column":40},"end":{"line":10,"column":1}},"line":4},"1":{"name":"(anonymous_1)","decl":{"start":{"line":16,"column":12},"end":{"line":16,"column":13}},"loc":{"start":{"line":16,"column":23},"end":{"line":16,"column":61}},"line":16}},"branchMap":{"0":{"loc":{"start":{"line":6,"column":2},"end":{"line":8,"column":3}},"type":"if","locations":[{"start":{"line":6,"column":2},"end":{"line":8,"column":3}},{"start":{},"end":{}}],"line":6}},"s":{"0":1,"1":1,"2":18,"3":18,"4":1,"5":17,"6":1,"7":14,"8":1,"9":1},"f":{"0":18,"1":14},"b":{"0":[1,17]},"_coverageSchema":"1a1c01bbd47fc00a2c39e90264f33305004495a9","hash":"8f0b4900fc426c9d8e726a2f80026ebe1a026a56"}
,"C:\\Users\\ASUS\\OneDrive\\Desktop\\micro\\cart\\src\\models\\model.js": {"path":"C:\\Users\\ASUS\\OneDrive\\Desktop\\micro\\cart\\src\\models\\model.js","statementMap":{"0":{"start":{"line":1,"column":17},"end":{"line":1,"column":36}},"1":{"start":{"line":3,"column":19},"end":{"line":24,"column":1}},"2":{"start":{"line":26,"column":18},"end":{"line":26,"column":52}},"3":{"start":{"line":27,"column":0},"end":{"line":27,"column":27}}},"fnMap":{},"branchMap":{},"s":{"0":1,"1":1,"2":1,"3":1},"f":{},"b":{},"_coverageSchema":"1a1c01bbd47fc00a2c39e90264f33305004495a9","hash":"008c7342053647179bbb127eb71bd49d04af9c09"}
,"C:\\Users\\ASUS\\OneDrive\\Desktop\\micro\\cart\\src\\router\\cart.routes.js": {"path":"C:\\Users\\ASUS\\OneDrive\\Desktop\\micro\\cart\\src\\router\\cart.routes.js","statementMap":{"0":{"start":{"line":1,"column":16},"end":{"line":1,"column":34}},"1":{"start":{"line":2,"column":15},"end":{"line":2,"column":31}},"2":{"start":{"line":3,"column":23},"end":{"line":3,"column":63}},"3":{"start":{"line":4,"column":23},"end":{"line":4,"column":65}},"4":{"start":{"line":5,"column":19},"end":{"line":5,"column":65}},"5":{"start":{"line":7,"column":0},"end":{"line":7,"column":66}},"6":{"start":{"line":9,"column":0},"end":{"line":14,"column":2}},"7":{"start":{"line":16,"column":0},"end":{"line":21,"column":2}},"8":{"start":{"line":23,"column":0},"end":{"line":27,"column":2}},"9":{"start":{"line":29,"column":0},"end":{"line":29,"column":71}},"10":{"start":{"line":31,"column":0},"end":{"line":31,"column":24}}},"fnMap":{},"branchMap":{},"s":{"0":1,"1":1,"2":1,"3":1,"4":1,"5":1,"6":1,"7":1,"8":1,"9":1,"10":1},"f":{},"b":{},"_coverageSchema":"1a1c01bbd47fc00a2c39e90264f33305004495a9","hash":"c7d1a61fd0271fc914556ef158bc9793417022e7"}
}
