TN:
SF:src\app.js
FNF:0
FNH:0
DA:1,1
DA:2,1
DA:3,1
DA:4,1
DA:6,1
DA:7,1
DA:8,1
DA:10,1
DA:11,1
LF:9
LH:9
BRF:0
BRH:0
end_of_record
TN:
SF:src\controllers\cart.controllers.js
FN:7,formatCartAndCalculateTotals
FN:52,getCart
FN:80,addItemTocart
FN:99,(anonymous_3)
FN:131,updateItemTocart
FN:147,(anonymous_5)
FN:175,removeItemTocart
FN:186,(anonymous_7)
FN:208,clearCart
FNF:9
FNH:9
FNDA:13,formatCartAndCalculateTotals
FNDA:1,getCart
FNDA:12,addItemTocart
FNDA:3,(anonymous_3)
FNDA:3,updateItemTocart
FNDA:2,(anonymous_5)
FNDA:1,removeItemTocart
FNDA:1,(anonymous_7)
FNDA:1,clearCart
DA:1,1
DA:2,1
DA:5,1
DA:8,13
DA:9,13
DA:10,13
DA:12,13
DA:13,12
DA:14,14
DA:15,14
DA:17,14
DA:18,14
DA:21,14
DA:22,14
DA:23,14
DA:24,14
DA:25,14
DA:26,14
DA:30,0
DA:36,14
DA:43,13
DA:53,1
DA:54,1
DA:55,1
DA:57,1
DA:58,1
DA:70,0
DA:71,0
DA:76,0
DA:81,12
DA:82,12
DA:83,12
DA:86,12
DA:89,12
DA:90,1
DA:93,11
DA:94,11
DA:95,8
DA:98,11
DA:99,3
DA:102,11
DA:103,11
DA:105,11
DA:106,1
DA:109,10
DA:110,1
DA:112,9
DA:115,10
DA:118,10
DA:120,10
DA:122,10
DA:127,0
DA:132,3
DA:133,3
DA:134,3
DA:135,3
DA:137,3
DA:138,1
DA:141,2
DA:142,2
DA:143,0
DA:146,2
DA:147,2
DA:149,2
DA:150,0
DA:153,2
DA:155,2
DA:156,1
DA:157,1
DA:159,1
DA:160,1
DA:163,2
DA:165,2
DA:166,2
DA:171,0
DA:176,1
DA:177,1
DA:178,1
DA:180,1
DA:181,1
DA:182,0
DA:185,1
DA:186,1
DA:188,1
DA:189,0
DA:192,1
DA:193,1
DA:196,1
DA:198,1
DA:199,1
DA:204,0
DA:209,1
DA:210,1
DA:211,1
DA:213,1
DA:214,0
DA:227,1
DA:228,2
DA:231,1
DA:232,1
DA:234,1
DA:245,0
DA:249,1
LF:103
LH:90
BRDA:5,0,0,1
BRDA:5,0,1,1
BRDA:12,1,0,12
BRDA:12,1,1,1
BRDA:12,2,0,13
BRDA:12,2,1,13
BRDA:12,2,2,13
BRDA:21,3,0,14
BRDA:21,3,1,0
BRDA:24,4,0,14
BRDA:24,4,1,0
BRDA:24,5,0,14
BRDA:24,5,1,14
BRDA:26,6,0,14
BRDA:26,6,1,0
BRDA:57,7,0,1
BRDA:57,7,1,0
BRDA:89,8,0,1
BRDA:89,8,1,11
BRDA:94,9,0,8
BRDA:94,9,1,3
BRDA:102,10,0,1
BRDA:102,10,1,10
BRDA:105,11,0,1
BRDA:105,11,1,10
BRDA:109,12,0,1
BRDA:109,12,1,9
BRDA:137,13,0,1
BRDA:137,13,1,2
BRDA:142,14,0,0
BRDA:142,14,1,2
BRDA:149,15,0,0
BRDA:149,15,1,2
BRDA:153,16,0,1
BRDA:153,16,1,1
BRDA:155,17,0,1
BRDA:155,17,1,1
BRDA:181,18,0,0
BRDA:181,18,1,1
BRDA:188,19,0,0
BRDA:188,19,1,1
BRDA:213,20,0,0
BRDA:213,20,1,1
BRF:43
BRH:34
end_of_record
TN:
SF:src\middleware\auth.middleware.js
FN:3,authmiddleware
FN:4,(anonymous_1)
FNF:2
FNH:2
FNDA:5,authmiddleware
FNDA:23,(anonymous_1)
DA:1,1
DA:4,5
DA:5,23
DA:7,23
DA:8,5
DA:11,18
DA:12,18
DA:14,18
DA:16,18
DA:18,0
DA:23,1
LF:11
LH:10
BRDA:3,0,0,0
BRDA:7,1,0,5
BRDA:7,1,1,18
BRF:3
BRH:2
end_of_record
TN:
SF:src\middleware\validation.middleware.js
FN:4,validateResult
FN:16,(anonymous_1)
FNF:2
FNH:2
FNDA:18,validateResult
FNDA:14,(anonymous_1)
DA:1,1
DA:2,1
DA:5,18
DA:6,18
DA:7,1
DA:9,17
DA:12,1
DA:16,14
DA:24,1
DA:29,1
LF:10
LH:10
BRDA:6,0,0,1
BRDA:6,0,1,17
BRF:2
BRH:2
end_of_record
TN:
SF:src\models\model.js
FNF:0
FNH:0
DA:1,1
DA:3,1
DA:26,1
DA:27,1
LF:4
LH:4
BRF:0
BRH:0
end_of_record
TN:
SF:src\router\cart.routes.js
FNF:0
FNH:0
DA:1,1
DA:2,1
DA:3,1
DA:4,1
DA:5,1
DA:7,1
DA:9,1
DA:16,1
DA:23,1
DA:29,1
DA:31,1
LF:11
LH:11
BRF:0
BRH:0
end_of_record
