TN:
SF:src\app.js
FNF:0
FNH:0
DA:1,1
DA:2,1
DA:3,1
DA:4,1
DA:6,1
DA:7,1
DA:8,1
DA:10,1
DA:11,1
LF:9
LH:9
BRF:0
BRH:0
end_of_record
TN:
SF:src\controllers\cart.controllers.js
FN:7,formatCartAndCalculateTotals
FN:52,getCart
FN:73,addItemTocart
FN:93,(anonymous_3)
FN:124,updateItemTocart
FN:140,(anonymous_5)
FN:168,removeItemTocart
FN:179,(anonymous_7)
FN:201,clearCart
FNF:9
FNH:9
FNDA:14,formatCartAndCalculateTotals
FNDA:1,getCart
FNDA:12,addItemTocart
FNDA:3,(anonymous_3)
FNDA:3,updateItemTocart
FNDA:2,(anonymous_5)
FNDA:1,removeItemTocart
FNDA:1,(anonymous_7)
FNDA:1,clearCart
DA:1,1
DA:2,1
DA:5,1
DA:8,14
DA:9,14
DA:10,14
DA:12,14
DA:13,12
DA:14,14
DA:15,14
DA:17,14
DA:18,14
DA:21,14
DA:22,14
DA:23,14
DA:24,14
DA:25,14
DA:26,14
DA:30,0
DA:36,14
DA:43,14
DA:53,1
DA:54,1
DA:55,1
DA:57,1
DA:58,1
DA:59,1
DA:62,1
DA:63,1
DA:69,0
DA:74,12
DA:75,12
DA:76,12
DA:79,12
DA:80,12
DA:81,12
DA:82,1
DA:85,0
DA:88,11
DA:89,11
DA:90,8
DA:92,11
DA:93,3
DA:96,11
DA:97,11
DA:98,1
DA:101,11
DA:102,1
DA:105,10
DA:106,1
DA:108,9
DA:110,10
DA:111,10
DA:112,10
DA:113,10
DA:120,0
DA:125,3
DA:126,3
DA:127,3
DA:128,3
DA:130,3
DA:131,1
DA:134,2
DA:135,2
DA:136,0
DA:139,2
DA:140,2
DA:142,2
DA:143,0
DA:146,2
DA:148,2
DA:149,1
DA:150,1
DA:152,1
DA:153,1
DA:156,2
DA:158,2
DA:159,2
DA:164,0
DA:169,1
DA:170,1
DA:171,1
DA:173,1
DA:174,1
DA:175,0
DA:178,1
DA:179,1
DA:181,1
DA:182,0
DA:185,1
DA:186,1
DA:189,1
DA:191,1
DA:192,1
DA:197,0
DA:202,1
DA:203,1
DA:204,1
DA:206,1
DA:207,0
DA:220,1
DA:221,2
DA:224,1
DA:225,1
DA:227,1
DA:238,0
DA:242,1
LF:107
LH:95
BRDA:5,0,0,1
BRDA:5,0,1,1
BRDA:12,1,0,12
BRDA:12,1,1,2
BRDA:12,2,0,14
BRDA:12,2,1,14
BRDA:12,2,2,14
BRDA:21,3,0,14
BRDA:21,3,1,0
BRDA:24,4,0,14
BRDA:24,4,1,0
BRDA:24,5,0,14
BRDA:24,5,1,14
BRDA:26,6,0,14
BRDA:26,6,1,0
BRDA:57,7,0,1
BRDA:57,7,1,0
BRDA:81,8,0,1
BRDA:81,8,1,11
BRDA:89,9,0,8
BRDA:89,9,1,3
BRDA:97,10,0,1
BRDA:97,10,1,10
BRDA:101,11,0,1
BRDA:101,11,1,10
BRDA:105,12,0,1
BRDA:105,12,1,9
BRDA:130,13,0,1
BRDA:130,13,1,2
BRDA:135,14,0,0
BRDA:135,14,1,2
BRDA:142,15,0,0
BRDA:142,15,1,2
BRDA:146,16,0,1
BRDA:146,16,1,1
BRDA:148,17,0,1
BRDA:148,17,1,1
BRDA:174,18,0,0
BRDA:174,18,1,1
BRDA:181,19,0,0
BRDA:181,19,1,1
BRDA:206,20,0,0
BRDA:206,20,1,1
BRF:43
BRH:34
end_of_record
TN:
SF:src\middleware\auth.middleware.js
FN:3,authmiddleware
FN:4,(anonymous_1)
FNF:2
FNH:2
FNDA:5,authmiddleware
FNDA:23,(anonymous_1)
DA:1,1
DA:4,5
DA:6,23
DA:7,23
DA:8,5
DA:11,18
DA:12,18
DA:13,18
DA:14,18
DA:16,0
DA:21,1
LF:11
LH:10
BRDA:3,0,0,0
BRDA:6,1,0,23
BRDA:6,1,1,5
BRDA:7,2,0,5
BRDA:7,2,1,18
BRF:5
BRH:4
end_of_record
TN:
SF:src\middleware\validation.middleware.js
FN:4,validateResult
FN:16,(anonymous_1)
FNF:2
FNH:2
FNDA:18,validateResult
FNDA:14,(anonymous_1)
DA:1,1
DA:2,1
DA:5,18
DA:6,18
DA:7,1
DA:9,17
DA:12,1
DA:16,14
DA:24,1
DA:29,1
LF:10
LH:10
BRDA:6,0,0,1
BRDA:6,0,1,17
BRF:2
BRH:2
end_of_record
TN:
SF:src\models\model.js
FNF:0
FNH:0
DA:1,1
DA:3,1
DA:26,1
DA:27,1
LF:4
LH:4
BRF:0
BRH:0
end_of_record
TN:
SF:src\router\cart.routes.js
FNF:0
FNH:0
DA:1,1
DA:2,1
DA:3,1
DA:4,1
DA:5,1
DA:7,1
DA:9,1
DA:16,1
DA:23,1
DA:29,1
DA:31,1
LF:11
LH:11
BRF:0
BRH:0
end_of_record
