{"C:\\Users\\ASUS\\OneDrive\\Desktop\\micro\\product\\src\\app.js": {"path":"C:\\Users\\ASUS\\OneDrive\\Desktop\\micro\\product\\src\\app.js","statementMap":{"0":{"start":{"line":1,"column":0},"end":{"line":1,"column":27}},"1":{"start":{"line":2,"column":16},"end":{"line":2,"column":34}},"2":{"start":{"line":3,"column":21},"end":{"line":3,"column":45}},"3":{"start":{"line":4,"column":22},"end":{"line":4,"column":55}},"4":{"start":{"line":6,"column":12},"end":{"line":6,"column":21}},"5":{"start":{"line":7,"column":0},"end":{"line":7,"column":24}},"6":{"start":{"line":8,"column":0},"end":{"line":8,"column":24}},"7":{"start":{"line":10,"column":0},"end":{"line":10,"column":40}},"8":{"start":{"line":12,"column":0},"end":{"line":24,"column":3}},"9":{"start":{"line":13,"column":2},"end":{"line":22,"column":3}},"10":{"start":{"line":14,"column":4},"end":{"line":20,"column":5}},"11":{"start":{"line":19,"column":6},"end":{"line":19,"column":58}},"12":{"start":{"line":21,"column":4},"end":{"line":21,"column":56}},"13":{"start":{"line":23,"column":2},"end":{"line":23,"column":9}},"14":{"start":{"line":26,"column":0},"end":{"line":26,"column":21}}},"fnMap":{"0":{"name":"(anonymous_0)","decl":{"start":{"line":12,"column":8},"end":{"line":12,"column":9}},"loc":{"start":{"line":12,"column":33},"end":{"line":24,"column":1}},"line":12}},"branchMap":{"0":{"loc":{"start":{"line":13,"column":2},"end":{"line":22,"column":3}},"type":"if","locations":[{"start":{"line":13,"column":2},"end":{"line":22,"column":3}},{"start":{},"end":{}}],"line":13},"1":{"loc":{"start":{"line":14,"column":4},"end":{"line":20,"column":5}},"type":"if","locations":[{"start":{"line":14,"column":4},"end":{"line":20,"column":5}},{"start":{},"end":{}}],"line":14},"2":{"loc":{"start":{"line":15,"column":6},"end":{"line":17,"column":32}},"type":"binary-expr","locations":[{"start":{"line":15,"column":6},"end":{"line":15,"column":36}},{"start":{"line":16,"column":6},"end":{"line":16,"column":53}},{"start":{"line":17,"column":6},"end":{"line":17,"column":32}}],"line":15}},"s":{"0":6,"1":6,"2":6,"3":6,"4":6,"5":6,"6":6,"7":6,"8":6,"9":3,"10":3,"11":2,"12":1,"13":0,"14":6},"f":{"0":3},"b":{"0":[3,0],"1":[2,1],"2":[3,2,1]},"_coverageSchema":"1a1c01bbd47fc00a2c39e90264f33305004495a9","hash":"90d1845249dff0939ee16ad903c12838c5b3bdde"}
,"C:\\Users\\ASUS\\OneDrive\\Desktop\\micro\\product\\src\\config\\imagekit.config.js": {"path":"C:\\Users\\ASUS\\OneDrive\\Desktop\\micro\\product\\src\\config\\imagekit.config.js","statementMap":{"0":{"start":{"line":1,"column":17},"end":{"line":1,"column":36}},"1":{"start":{"line":4,"column":17},"end":{"line":8,"column":2}},"2":{"start":{"line":10,"column":0},"end":{"line":10,"column":26}}},"fnMap":{},"branchMap":{},"s":{"0":5,"1":5,"2":5},"f":{},"b":{},"_coverageSchema":"1a1c01bbd47fc00a2c39e90264f33305004495a9","hash":"5b49f1b79779ecb29ede8023aa85589c7b7f199a"}
,"C:\\Users\\ASUS\\OneDrive\\Desktop\\micro\\product\\src\\controllers\\product.controller.js": {"path":"C:\\Users\\ASUS\\OneDrive\\Desktop\\micro\\product\\src\\controllers\\product.controller.js","statementMap":{"0":{"start":{"line":1,"column":17},"end":{"line":1,"column":36}},"1":{"start":{"line":2,"column":21},"end":{"line":2,"column":55}},"2":{"start":{"line":6,"column":4},"end":{"line":6,"column":46}},"3":{"start":{"line":9,"column":2},"end":{"line":44,"column":3}},"4":{"start":{"line":10,"column":52},"end":{"line":10,"column":60}},"5":{"start":{"line":11,"column":19},"end":{"line":11,"column":50}},"6":{"start":{"line":13,"column":4},"end":{"line":18,"column":5}},"7":{"start":{"line":14,"column":6},"end":{"line":17,"column":9}},"8":{"start":{"line":20,"column":27},"end":{"line":20,"column":77}},"9":{"start":{"line":21,"column":20},"end":{"line":27,"column":6}},"10":{"start":{"line":29,"column":4},"end":{"line":33,"column":7}},"11":{"start":{"line":35,"column":4},"end":{"line":37,"column":5}},"12":{"start":{"line":36,"column":6},"end":{"line":36,"column":54}},"13":{"start":{"line":39,"column":4},"end":{"line":43,"column":7}},"14":{"start":{"line":48,"column":58},"end":{"line":48,"column":67}},"15":{"start":{"line":50,"column":17},"end":{"line":50,"column":19}},"16":{"start":{"line":52,"column":2},"end":{"line":54,"column":3}},"17":{"start":{"line":53,"column":4},"end":{"line":53,"column":34}},"18":{"start":{"line":55,"column":2},"end":{"line":60,"column":3}},"19":{"start":{"line":56,"column":4},"end":{"line":59,"column":6}},"20":{"start":{"line":61,"column":2},"end":{"line":66,"column":3}},"21":{"start":{"line":62,"column":4},"end":{"line":65,"column":6}},"22":{"start":{"line":67,"column":18},"end":{"line":70,"column":39}},"23":{"start":{"line":72,"column":2},"end":{"line":74,"column":5}},"24":{"start":{"line":78,"column":17},"end":{"line":78,"column":27}},"25":{"start":{"line":79,"column":18},"end":{"line":79,"column":49}},"26":{"start":{"line":80,"column":2},"end":{"line":84,"column":3}},"27":{"start":{"line":81,"column":4},"end":{"line":83,"column":7}},"28":{"start":{"line":85,"column":2},"end":{"line":87,"column":5}},"29":{"start":{"line":91,"column":17},"end":{"line":91,"column":27}},"30":{"start":{"line":92,"column":2},"end":{"line":96,"column":3}},"31":{"start":{"line":93,"column":4},"end":{"line":95,"column":7}},"32":{"start":{"line":98,"column":18},"end":{"line":100,"column":4}},"33":{"start":{"line":101,"column":2},"end":{"line":105,"column":3}},"34":{"start":{"line":102,"column":4},"end":{"line":104,"column":7}},"35":{"start":{"line":107,"column":2},"end":{"line":111,"column":3}},"36":{"start":{"line":108,"column":4},"end":{"line":110,"column":7}},"37":{"start":{"line":113,"column":25},"end":{"line":113,"column":70}},"38":{"start":{"line":115,"column":2},"end":{"line":143,"column":3}},"39":{"start":{"line":116,"column":4},"end":{"line":142,"column":5}},"40":{"start":{"line":117,"column":6},"end":{"line":141,"column":7}},"41":{"start":{"line":118,"column":8},"end":{"line":133,"column":9}},"42":{"start":{"line":120,"column":12},"end":{"line":122,"column":36}},"43":{"start":{"line":124,"column":12},"end":{"line":126,"column":38}},"44":{"start":{"line":127,"column":10},"end":{"line":127,"column":47}},"45":{"start":{"line":129,"column":10},"end":{"line":132,"column":12}},"46":{"start":{"line":134,"column":13},"end":{"line":141,"column":7}},"47":{"start":{"line":135,"column":8},"end":{"line":138,"column":10}},"48":{"start":{"line":140,"column":8},"end":{"line":140,"column":37}},"49":{"start":{"line":145,"column":2},"end":{"line":145,"column":23}},"50":{"start":{"line":147,"column":2},"end":{"line":151,"column":5}},"51":{"start":{"line":155,"column":17},"end":{"line":155,"column":27}},"52":{"start":{"line":156,"column":2},"end":{"line":160,"column":3}},"53":{"start":{"line":157,"column":4},"end":{"line":159,"column":7}},"54":{"start":{"line":162,"column":18},"end":{"line":164,"column":4}},"55":{"start":{"line":165,"column":2},"end":{"line":169,"column":3}},"56":{"start":{"line":166,"column":4},"end":{"line":168,"column":7}},"57":{"start":{"line":171,"column":2},"end":{"line":175,"column":3}},"58":{"start":{"line":172,"column":4},"end":{"line":174,"column":7}},"59":{"start":{"line":177,"column":2},"end":{"line":179,"column":3}},"60":{"start":{"line":178,"column":4},"end":{"line":178,"column":47}},"61":{"start":{"line":181,"column":2},"end":{"line":181,"column":43}},"62":{"start":{"line":183,"column":2},"end":{"line":186,"column":5}},"63":{"start":{"line":190,"column":17},"end":{"line":190,"column":25}},"64":{"start":{"line":191,"column":35},"end":{"line":191,"column":44}},"65":{"start":{"line":193,"column":18},"end":{"line":198,"column":39}},"66":{"start":{"line":200,"column":2},"end":{"line":203,"column":5}},"67":{"start":{"line":205,"column":0},"end":{"line":212,"column":2}}},"fnMap":{"0":{"name":"createProduct","decl":{"start":{"line":8,"column":15},"end":{"line":8,"column":28}},"loc":{"start":{"line":8,"column":39},"end":{"line":45,"column":1}},"line":8},"1":{"name":"getProducts","decl":{"start":{"line":47,"column":15},"end":{"line":47,"column":26}},"loc":{"start":{"line":47,"column":37},"end":{"line":75,"column":1}},"line":47},"2":{"name":"getProductById","decl":{"start":{"line":77,"column":15},"end":{"line":77,"column":29}},"loc":{"start":{"line":77,"column":40},"end":{"line":88,"column":1}},"line":77},"3":{"name":"updateProduct","decl":{"start":{"line":90,"column":15},"end":{"line":90,"column":28}},"loc":{"start":{"line":90,"column":39},"end":{"line":152,"column":1}},"line":90},"4":{"name":"deleteProduct","decl":{"start":{"line":154,"column":15},"end":{"line":154,"column":28}},"loc":{"start":{"line":154,"column":39},"end":{"line":187,"column":1}},"line":154},"5":{"name":"getProductsBySeller","decl":{"start":{"line":189,"column":15},"end":{"line":189,"column":34}},"loc":{"start":{"line":189,"column":45},"end":{"line":204,"column":1}},"line":189}},"branchMap":{"0":{"loc":{"start":{"line":11,"column":19},"end":{"line":11,"column":50}},"type":"binary-expr","locations":[{"start":{"line":11,"column":19},"end":{"line":11,"column":31}},{"start":{"line":11,"column":35},"end":{"line":11,"column":50}}],"line":11},"1":{"loc":{"start":{"line":13,"column":4},"end":{"line":18,"column":5}},"type":"if","locations":[{"start":{"line":13,"column":4},"end":{"line":18,"column":5}},{"start":{},"end":{}}],"line":13},"2":{"loc":{"start":{"line":13,"column":8},"end":{"line":13,"column":24}},"type":"binary-expr","locations":[{"start":{"line":13,"column":8},"end":{"line":13,"column":14}},{"start":{"line":13,"column":18},"end":{"line":13,"column":24}}],"line":13},"3":{"loc":{"start":{"line":24,"column":48},"end":{"line":24,"column":65}},"type":"binary-expr","locations":[{"start":{"line":24,"column":48},"end":{"line":24,"column":56}},{"start":{"line":24,"column":60},"end":{"line":24,"column":65}}],"line":24},"4":{"loc":{"start":{"line":35,"column":4},"end":{"line":37,"column":5}},"type":"if","locations":[{"start":{"line":35,"column":4},"end":{"line":37,"column":5}},{"start":{},"end":{}}],"line":35},"5":{"loc":{"start":{"line":48,"column":33},"end":{"line":48,"column":41}},"type":"default-arg","locations":[{"start":{"line":48,"column":40},"end":{"line":48,"column":41}}],"line":48},"6":{"loc":{"start":{"line":48,"column":43},"end":{"line":48,"column":53}},"type":"default-arg","locations":[{"start":{"line":48,"column":51},"end":{"line":48,"column":53}}],"line":48},"7":{"loc":{"start":{"line":52,"column":2},"end":{"line":54,"column":3}},"type":"if","locations":[{"start":{"line":52,"column":2},"end":{"line":54,"column":3}},{"start":{},"end":{}}],"line":52},"8":{"loc":{"start":{"line":55,"column":2},"end":{"line":60,"column":3}},"type":"if","locations":[{"start":{"line":55,"column":2},"end":{"line":60,"column":3}},{"start":{},"end":{}}],"line":55},"9":{"loc":{"start":{"line":61,"column":2},"end":{"line":66,"column":3}},"type":"if","locations":[{"start":{"line":61,"column":2},"end":{"line":66,"column":3}},{"start":{},"end":{}}],"line":61},"10":{"loc":{"start":{"line":80,"column":2},"end":{"line":84,"column":3}},"type":"if","locations":[{"start":{"line":80,"column":2},"end":{"line":84,"column":3}},{"start":{},"end":{}}],"line":80},"11":{"loc":{"start":{"line":92,"column":2},"end":{"line":96,"column":3}},"type":"if","locations":[{"start":{"line":92,"column":2},"end":{"line":96,"column":3}},{"start":{},"end":{}}],"line":92},"12":{"loc":{"start":{"line":101,"column":2},"end":{"line":105,"column":3}},"type":"if","locations":[{"start":{"line":101,"column":2},"end":{"line":105,"column":3}},{"start":{},"end":{}}],"line":101},"13":{"loc":{"start":{"line":107,"column":2},"end":{"line":111,"column":3}},"type":"if","locations":[{"start":{"line":107,"column":2},"end":{"line":111,"column":3}},{"start":{},"end":{}}],"line":107},"14":{"loc":{"start":{"line":116,"column":4},"end":{"line":142,"column":5}},"type":"if","locations":[{"start":{"line":116,"column":4},"end":{"line":142,"column":5}},{"start":{},"end":{}}],"line":116},"15":{"loc":{"start":{"line":117,"column":6},"end":{"line":141,"column":7}},"type":"if","locations":[{"start":{"line":117,"column":6},"end":{"line":141,"column":7}},{"start":{"line":134,"column":13},"end":{"line":141,"column":7}}],"line":117},"16":{"loc":{"start":{"line":118,"column":8},"end":{"line":133,"column":9}},"type":"if","locations":[{"start":{"line":118,"column":8},"end":{"line":133,"column":9}},{"start":{"line":128,"column":15},"end":{"line":133,"column":9}}],"line":118},"17":{"loc":{"start":{"line":118,"column":12},"end":{"line":118,"column":73}},"type":"binary-expr","locations":[{"start":{"line":118,"column":12},"end":{"line":118,"column":46}},{"start":{"line":118,"column":50},"end":{"line":118,"column":73}}],"line":118},"18":{"loc":{"start":{"line":120,"column":12},"end":{"line":122,"column":36}},"type":"cond-expr","locations":[{"start":{"line":121,"column":16},"end":{"line":121,"column":45}},{"start":{"line":122,"column":16},"end":{"line":122,"column":36}}],"line":120},"19":{"loc":{"start":{"line":124,"column":12},"end":{"line":126,"column":38}},"type":"cond-expr","locations":[{"start":{"line":125,"column":16},"end":{"line":125,"column":39}},{"start":{"line":126,"column":16},"end":{"line":126,"column":38}}],"line":124},"20":{"loc":{"start":{"line":134,"column":13},"end":{"line":141,"column":7}},"type":"if","locations":[{"start":{"line":134,"column":13},"end":{"line":141,"column":7}},{"start":{"line":139,"column":13},"end":{"line":141,"column":7}}],"line":134},"21":{"loc":{"start":{"line":156,"column":2},"end":{"line":160,"column":3}},"type":"if","locations":[{"start":{"line":156,"column":2},"end":{"line":160,"column":3}},{"start":{},"end":{}}],"line":156},"22":{"loc":{"start":{"line":165,"column":2},"end":{"line":169,"column":3}},"type":"if","locations":[{"start":{"line":165,"column":2},"end":{"line":169,"column":3}},{"start":{},"end":{}}],"line":165},"23":{"loc":{"start":{"line":171,"column":2},"end":{"line":175,"column":3}},"type":"if","locations":[{"start":{"line":171,"column":2},"end":{"line":175,"column":3}},{"start":{},"end":{}}],"line":171},"24":{"loc":{"start":{"line":177,"column":2},"end":{"line":179,"column":3}},"type":"if","locations":[{"start":{"line":177,"column":2},"end":{"line":179,"column":3}},{"start":{},"end":{}}],"line":177},"25":{"loc":{"start":{"line":177,"column":6},"end":{"line":177,"column":49}},"type":"binary-expr","locations":[{"start":{"line":177,"column":6},"end":{"line":177,"column":20}},{"start":{"line":177,"column":24},"end":{"line":177,"column":49}}],"line":177},"26":{"loc":{"start":{"line":191,"column":10},"end":{"line":191,"column":18}},"type":"default-arg","locations":[{"start":{"line":191,"column":17},"end":{"line":191,"column":18}}],"line":191},"27":{"loc":{"start":{"line":191,"column":20},"end":{"line":191,"column":30}},"type":"default-arg","locations":[{"start":{"line":191,"column":28},"end":{"line":191,"column":30}}],"line":191}},"s":{"0":6,"1":6,"2":6,"3":27,"4":27,"5":27,"6":27,"7":0,"8":27,"9":25,"10":25,"11":2,"12":0,"13":2,"14":9,"15":9,"16":9,"17":2,"18":9,"19":3,"20":9,"21":2,"22":9,"23":9,"24":3,"25":3,"26":2,"27":1,"28":1,"29":5,"30":5,"31":1,"32":4,"33":4,"34":1,"35":3,"36":1,"37":2,"38":2,"39":3,"40":3,"41":2,"42":0,"43":0,"44":0,"45":2,"46":1,"47":0,"48":1,"49":2,"50":2,"51":4,"52":4,"53":1,"54":3,"55":3,"56":1,"57":2,"58":1,"59":1,"60":1,"61":1,"62":1,"63":3,"64":3,"65":3,"66":3,"67":6},"f":{"0":27,"1":9,"2":3,"3":5,"4":4,"5":3},"b":{"0":[27,27],"1":[0,27],"2":[27,27],"3":[25,8],"4":[0,2],"5":[8],"6":[8],"7":[2,7],"8":[3,6],"9":[2,7],"10":[1,1],"11":[1,4],"12":[1,3],"13":[1,2],"14":[3,0],"15":[2,1],"16":[0,2],"17":[2,0],"18":[0,0],"19":[0,0],"20":[0,1],"21":[1,3],"22":[1,2],"23":[1,1],"24":[1,0],"25":[1,1],"26":[3],"27":[3]},"_coverageSchema":"1a1c01bbd47fc00a2c39e90264f33305004495a9","hash":"4e6714ab85be7332a88c7446548fe8364962cf33"}
,"C:\\Users\\ASUS\\OneDrive\\Desktop\\micro\\product\\src\\middlewares\\auth.middlerware.js": {"path":"C:\\Users\\ASUS\\OneDrive\\Desktop\\micro\\product\\src\\middlewares\\auth.middlerware.js","statementMap":{"0":{"start":{"line":1,"column":12},"end":{"line":1,"column":35}},"1":{"start":{"line":4,"column":2},"end":{"line":21,"column":4}},"2":{"start":{"line":6,"column":6},"end":{"line":6,"column":69}},"3":{"start":{"line":8,"column":4},"end":{"line":10,"column":5}},"4":{"start":{"line":9,"column":6},"end":{"line":9,"column":64}},"5":{"start":{"line":11,"column":4},"end":{"line":20,"column":5}},"6":{"start":{"line":12,"column":22},"end":{"line":12,"column":63}},"7":{"start":{"line":13,"column":6},"end":{"line":15,"column":7}},"8":{"start":{"line":14,"column":8},"end":{"line":14,"column":77}},"9":{"start":{"line":16,"column":6},"end":{"line":16,"column":25}},"10":{"start":{"line":17,"column":6},"end":{"line":17,"column":13}},"11":{"start":{"line":19,"column":6},"end":{"line":19,"column":64}},"12":{"start":{"line":24,"column":0},"end":{"line":24,"column":38}}},"fnMap":{"0":{"name":"createAuthMiddleware","decl":{"start":{"line":3,"column":9},"end":{"line":3,"column":29}},"loc":{"start":{"line":3,"column":48},"end":{"line":22,"column":1}},"line":3},"1":{"name":"authMiddleware","decl":{"start":{"line":4,"column":18},"end":{"line":4,"column":32}},"loc":{"start":{"line":4,"column":49},"end":{"line":21,"column":3}},"line":4}},"branchMap":{"0":{"loc":{"start":{"line":3,"column":30},"end":{"line":3,"column":46}},"type":"default-arg","locations":[{"start":{"line":3,"column":38},"end":{"line":3,"column":46}}],"line":3},"1":{"loc":{"start":{"line":6,"column":6},"end":{"line":6,"column":69}},"type":"binary-expr","locations":[{"start":{"line":6,"column":6},"end":{"line":6,"column":24}},{"start":{"line":6,"column":28},"end":{"line":6,"column":69}}],"line":6},"2":{"loc":{"start":{"line":8,"column":4},"end":{"line":10,"column":5}},"type":"if","locations":[{"start":{"line":8,"column":4},"end":{"line":10,"column":5}},{"start":{},"end":{}}],"line":8},"3":{"loc":{"start":{"line":13,"column":6},"end":{"line":15,"column":7}},"type":"if","locations":[{"start":{"line":13,"column":6},"end":{"line":15,"column":7}},{"start":{},"end":{}}],"line":13}},"s":{"0":1,"1":4,"2":0,"3":0,"4":0,"5":0,"6":0,"7":0,"8":0,"9":0,"10":0,"11":0,"12":1},"f":{"0":4,"1":0},"b":{"0":[0],"1":[0,0],"2":[0,0],"3":[0,0]},"_coverageSchema":"1a1c01bbd47fc00a2c39e90264f33305004495a9","hash":"65f7e8d70abbad5f41c602ec663d16e729e80554"}
,"C:\\Users\\ASUS\\OneDrive\\Desktop\\micro\\product\\src\\middlewares\\upload.middleware.js": {"path":"C:\\Users\\ASUS\\OneDrive\\Desktop\\micro\\product\\src\\middlewares\\upload.middleware.js","statementMap":{"0":{"start":{"line":1,"column":15},"end":{"line":1,"column":32}},"1":{"start":{"line":2,"column":16},"end":{"line":2,"column":38}},"2":{"start":{"line":4,"column":19},"end":{"line":10,"column":1}},"3":{"start":{"line":5,"column":2},"end":{"line":9,"column":3}},"4":{"start":{"line":6,"column":4},"end":{"line":6,"column":19}},"5":{"start":{"line":8,"column":4},"end":{"line":8,"column":58}},"6":{"start":{"line":13,"column":2},"end":{"line":13,"column":70}},"7":{"start":{"line":15,"column":15},"end":{"line":21,"column":2}},"8":{"start":{"line":23,"column":0},"end":{"line":23,"column":24}}},"fnMap":{"0":{"name":"(anonymous_0)","decl":{"start":{"line":4,"column":19},"end":{"line":4,"column":20}},"loc":{"start":{"line":4,"column":38},"end":{"line":10,"column":1}},"line":4}},"branchMap":{"0":{"loc":{"start":{"line":5,"column":2},"end":{"line":9,"column":3}},"type":"if","locations":[{"start":{"line":5,"column":2},"end":{"line":9,"column":3}},{"start":{"line":7,"column":9},"end":{"line":9,"column":3}}],"line":5},"1":{"loc":{"start":{"line":13,"column":2},"end":{"line":13,"column":70}},"type":"cond-expr","locations":[{"start":{"line":13,"column":36},"end":{"line":13,"column":51}},{"start":{"line":13,"column":54},"end":{"line":13,"column":70}}],"line":13}},"s":{"0":6,"1":6,"2":6,"3":17,"4":16,"5":1,"6":6,"7":6,"8":6},"f":{"0":17},"b":{"0":[16,1],"1":[6,0]},"_coverageSchema":"1a1c01bbd47fc00a2c39e90264f33305004495a9","hash":"3545ac16424897501e635a0efd90d81c8d676060"}
,"C:\\Users\\ASUS\\OneDrive\\Desktop\\micro\\product\\src\\middlewares\\validation.middleware.js": {"path":"C:\\Users\\ASUS\\OneDrive\\Desktop\\micro\\product\\src\\middlewares\\validation.middleware.js","statementMap":{"0":{"start":{"line":1,"column":42},"end":{"line":1,"column":70}},"1":{"start":{"line":3,"column":31},"end":{"line":19,"column":1}},"2":{"start":{"line":4,"column":17},"end":{"line":4,"column":38}},"3":{"start":{"line":6,"column":2},"end":{"line":16,"column":3}},"4":{"start":{"line":7,"column":4},"end":{"line":15,"column":7}},"5":{"start":{"line":10,"column":45},"end":{"line":14,"column":7}},"6":{"start":{"line":18,"column":2},"end":{"line":18,"column":9}},"7":{"start":{"line":21,"column":30},"end":{"line":50,"column":1}},"8":{"start":{"line":52,"column":30},"end":{"line":81,"column":1}},"9":{"start":{"line":83,"column":26},"end":{"line":87,"column":1}},"10":{"start":{"line":89,"column":0},"end":{"line":94,"column":2}}},"fnMap":{"0":{"name":"(anonymous_0)","decl":{"start":{"line":3,"column":31},"end":{"line":3,"column":32}},"loc":{"start":{"line":3,"column":51},"end":{"line":19,"column":1}},"line":3},"1":{"name":"(anonymous_1)","decl":{"start":{"line":10,"column":33},"end":{"line":10,"column":34}},"loc":{"start":{"line":10,"column":45},"end":{"line":14,"column":7}},"line":10}},"branchMap":{"0":{"loc":{"start":{"line":6,"column":2},"end":{"line":16,"column":3}},"type":"if","locations":[{"start":{"line":6,"column":2},"end":{"line":16,"column":3}},{"start":{},"end":{}}],"line":6},"1":{"loc":{"start":{"line":11,"column":15},"end":{"line":11,"column":40}},"type":"binary-expr","locations":[{"start":{"line":11,"column":15},"end":{"line":11,"column":25}},{"start":{"line":11,"column":29},"end":{"line":11,"column":40}}],"line":11}},"s":{"0":6,"1":6,"2":40,"3":40,"4":8,"5":10,"6":32,"7":6,"8":6,"9":6,"10":6},"f":{"0":40,"1":10},"b":{"0":[8,32],"1":[10,0]},"_coverageSchema":"1a1c01bbd47fc00a2c39e90264f33305004495a9","hash":"b7ff63db5db2d11e4c0dd2af0312ba1f55466a3c"}
,"C:\\Users\\ASUS\\OneDrive\\Desktop\\micro\\product\\src\\models\\product.model.js": {"path":"C:\\Users\\ASUS\\OneDrive\\Desktop\\micro\\product\\src\\models\\product.model.js","statementMap":{"0":{"start":{"line":1,"column":17},"end":{"line":1,"column":36}},"1":{"start":{"line":3,"column":22},"end":{"line":37,"column":1}},"2":{"start":{"line":39,"column":0},"end":{"line":39,"column":60}},"3":{"start":{"line":41,"column":21},"end":{"line":41,"column":61}},"4":{"start":{"line":42,"column":0},"end":{"line":42,"column":30}}},"fnMap":{},"branchMap":{},"s":{"0":6,"1":6,"2":6,"3":6,"4":6},"f":{},"b":{},"_coverageSchema":"1a1c01bbd47fc00a2c39e90264f33305004495a9","hash":"1a8137ab7739d0402472690834e2b21b0d660df6"}
,"C:\\Users\\ASUS\\OneDrive\\Desktop\\micro\\product\\src\\routes\\product.routs.js": {"path":"C:\\Users\\ASUS\\OneDrive\\Desktop\\micro\\product\\src\\routes\\product.routs.js","statementMap":{"0":{"start":{"line":1,"column":16},"end":{"line":1,"column":34}},"1":{"start":{"line":2,"column":26},"end":{"line":2,"column":70}},"2":{"start":{"line":3,"column":29},"end":{"line":3,"column":71}},"3":{"start":{"line":4,"column":15},"end":{"line":4,"column":58}},"4":{"start":{"line":8,"column":4},"end":{"line":8,"column":51}},"5":{"start":{"line":10,"column":15},"end":{"line":10,"column":31}},"6":{"start":{"line":12,"column":0},"end":{"line":18,"column":2}},"7":{"start":{"line":20,"column":0},"end":{"line":20,"column":47}},"8":{"start":{"line":22,"column":0},"end":{"line":27,"column":2}},"9":{"start":{"line":28,"column":0},"end":{"line":32,"column":2}},"10":{"start":{"line":34,"column":0},"end":{"line":38,"column":2}},"11":{"start":{"line":39,"column":0},"end":{"line":39,"column":53}},"12":{"start":{"line":40,"column":0},"end":{"line":40,"column":24}}},"fnMap":{},"branchMap":{},"s":{"0":6,"1":6,"2":6,"3":6,"4":6,"5":6,"6":6,"7":6,"8":6,"9":6,"10":6,"11":6,"12":6},"f":{},"b":{},"_coverageSchema":"1a1c01bbd47fc00a2c39e90264f33305004495a9","hash":"34a5e8624f12233be4641f3c95359f7487866be0"}
,"C:\\Users\\ASUS\\OneDrive\\Desktop\\micro\\product\\src\\services\\imageUpload.service.js": {"path":"C:\\Users\\ASUS\\OneDrive\\Desktop\\micro\\product\\src\\services\\imageUpload.service.js","statementMap":{"0":{"start":{"line":1,"column":17},"end":{"line":1,"column":53}},"1":{"start":{"line":2,"column":23},"end":{"line":2,"column":38}},"2":{"start":{"line":4,"column":26},"end":{"line":27,"column":1}},"3":{"start":{"line":9,"column":2},"end":{"line":26,"column":3}},"4":{"start":{"line":10,"column":27},"end":{"line":14,"column":6}},"5":{"start":{"line":16,"column":4},"end":{"line":20,"column":6}},"6":{"start":{"line":22,"column":4},"end":{"line":24,"column":5}},"7":{"start":{"line":23,"column":6},"end":{"line":23,"column":65}},"8":{"start":{"line":25,"column":4},"end":{"line":25,"column":64}},"9":{"start":{"line":29,"column":29},"end":{"line":47,"column":1}},"10":{"start":{"line":30,"column":2},"end":{"line":32,"column":3}},"11":{"start":{"line":31,"column":4},"end":{"line":31,"column":14}},"12":{"start":{"line":34,"column":2},"end":{"line":46,"column":3}},"13":{"start":{"line":35,"column":27},"end":{"line":37,"column":5}},"14":{"start":{"line":36,"column":6},"end":{"line":36,"column":63}},"15":{"start":{"line":39,"column":27},"end":{"line":39,"column":60}},"16":{"start":{"line":40,"column":4},"end":{"line":40,"column":26}},"17":{"start":{"line":42,"column":4},"end":{"line":44,"column":5}},"18":{"start":{"line":43,"column":6},"end":{"line":43,"column":63}},"19":{"start":{"line":45,"column":4},"end":{"line":45,"column":16}},"20":{"start":{"line":49,"column":20},"end":{"line":59,"column":1}},"21":{"start":{"line":50,"column":2},"end":{"line":58,"column":3}},"22":{"start":{"line":51,"column":4},"end":{"line":51,"column":38}},"23":{"start":{"line":52,"column":4},"end":{"line":52,"column":56}},"24":{"start":{"line":54,"column":4},"end":{"line":56,"column":5}},"25":{"start":{"line":55,"column":6},"end":{"line":55,"column":62}},"26":{"start":{"line":57,"column":4},"end":{"line":57,"column":64}},"27":{"start":{"line":61,"column":29},"end":{"line":78,"column":1}},"28":{"start":{"line":62,"column":2},"end":{"line":64,"column":3}},"29":{"start":{"line":63,"column":4},"end":{"line":63,"column":11}},"30":{"start":{"line":66,"column":2},"end":{"line":77,"column":3}},"31":{"start":{"line":67,"column":27},"end":{"line":67,"column":71}},"32":{"start":{"line":67,"column":51},"end":{"line":67,"column":70}},"33":{"start":{"line":68,"column":4},"end":{"line":68,"column":38}},"34":{"start":{"line":69,"column":4},"end":{"line":71,"column":5}},"35":{"start":{"line":70,"column":6},"end":{"line":70,"column":67}},"36":{"start":{"line":73,"column":4},"end":{"line":75,"column":5}},"37":{"start":{"line":74,"column":6},"end":{"line":74,"column":62}},"38":{"start":{"line":76,"column":4},"end":{"line":76,"column":16}},"39":{"start":{"line":80,"column":24},"end":{"line":90,"column":1}},"40":{"start":{"line":81,"column":2},"end":{"line":89,"column":3}},"41":{"start":{"line":82,"column":20},"end":{"line":82,"column":57}},"42":{"start":{"line":83,"column":4},"end":{"line":83,"column":19}},"43":{"start":{"line":85,"column":4},"end":{"line":87,"column":5}},"44":{"start":{"line":86,"column":6},"end":{"line":86,"column":73}},"45":{"start":{"line":88,"column":4},"end":{"line":88,"column":69}},"46":{"start":{"line":92,"column":27},"end":{"line":102,"column":1}},"47":{"start":{"line":93,"column":2},"end":{"line":101,"column":3}},"48":{"start":{"line":94,"column":27},"end":{"line":94,"column":76}},"49":{"start":{"line":95,"column":4},"end":{"line":95,"column":26}},"50":{"start":{"line":97,"column":4},"end":{"line":99,"column":5}},"51":{"start":{"line":98,"column":6},"end":{"line":98,"column":62}},"52":{"start":{"line":100,"column":4},"end":{"line":100,"column":64}},"53":{"start":{"line":104,"column":0},"end":{"line":111,"column":2}}},"fnMap":{"0":{"name":"(anonymous_0)","decl":{"start":{"line":4,"column":26},"end":{"line":4,"column":27}},"loc":{"start":{"line":8,"column":5},"end":{"line":27,"column":1}},"line":8},"1":{"name":"(anonymous_1)","decl":{"start":{"line":29,"column":29},"end":{"line":29,"column":30}},"loc":{"start":{"line":29,"column":68},"end":{"line":47,"column":1}},"line":29},"2":{"name":"(anonymous_2)","decl":{"start":{"line":35,"column":37},"end":{"line":35,"column":38}},"loc":{"start":{"line":36,"column":6},"end":{"line":36,"column":63}},"line":36},"3":{"name":"(anonymous_3)","decl":{"start":{"line":49,"column":20},"end":{"line":49,"column":21}},"loc":{"start":{"line":49,"column":38},"end":{"line":59,"column":1}},"line":49},"4":{"name":"(anonymous_4)","decl":{"start":{"line":61,"column":29},"end":{"line":61,"column":30}},"loc":{"start":{"line":61,"column":48},"end":{"line":78,"column":1}},"line":61},"5":{"name":"(anonymous_5)","decl":{"start":{"line":67,"column":39},"end":{"line":67,"column":40}},"loc":{"start":{"line":67,"column":51},"end":{"line":67,"column":70}},"line":67},"6":{"name":"(anonymous_6)","decl":{"start":{"line":80,"column":24},"end":{"line":80,"column":25}},"loc":{"start":{"line":80,"column":42},"end":{"line":90,"column":1}},"line":80},"7":{"name":"(anonymous_7)","decl":{"start":{"line":92,"column":27},"end":{"line":92,"column":28}},"loc":{"start":{"line":92,"column":54},"end":{"line":102,"column":1}},"line":92}},"branchMap":{"0":{"loc":{"start":{"line":7,"column":2},"end":{"line":7,"column":22}},"type":"default-arg","locations":[{"start":{"line":7,"column":11},"end":{"line":7,"column":22}}],"line":7},"1":{"loc":{"start":{"line":22,"column":4},"end":{"line":24,"column":5}},"type":"if","locations":[{"start":{"line":22,"column":4},"end":{"line":24,"column":5}},{"start":{},"end":{}}],"line":22},"2":{"loc":{"start":{"line":29,"column":43},"end":{"line":29,"column":63}},"type":"default-arg","locations":[{"start":{"line":29,"column":52},"end":{"line":29,"column":63}}],"line":29},"3":{"loc":{"start":{"line":30,"column":2},"end":{"line":32,"column":3}},"type":"if","locations":[{"start":{"line":30,"column":2},"end":{"line":32,"column":3}},{"start":{},"end":{}}],"line":30},"4":{"loc":{"start":{"line":30,"column":6},"end":{"line":30,"column":34}},"type":"binary-expr","locations":[{"start":{"line":30,"column":6},"end":{"line":30,"column":12}},{"start":{"line":30,"column":16},"end":{"line":30,"column":34}}],"line":30},"5":{"loc":{"start":{"line":42,"column":4},"end":{"line":44,"column":5}},"type":"if","locations":[{"start":{"line":42,"column":4},"end":{"line":44,"column":5}},{"start":{},"end":{}}],"line":42},"6":{"loc":{"start":{"line":54,"column":4},"end":{"line":56,"column":5}},"type":"if","locations":[{"start":{"line":54,"column":4},"end":{"line":56,"column":5}},{"start":{},"end":{}}],"line":54},"7":{"loc":{"start":{"line":62,"column":2},"end":{"line":64,"column":3}},"type":"if","locations":[{"start":{"line":62,"column":2},"end":{"line":64,"column":3}},{"start":{},"end":{}}],"line":62},"8":{"loc":{"start":{"line":62,"column":6},"end":{"line":62,"column":38}},"type":"binary-expr","locations":[{"start":{"line":62,"column":6},"end":{"line":62,"column":14}},{"start":{"line":62,"column":18},"end":{"line":62,"column":38}}],"line":62},"9":{"loc":{"start":{"line":69,"column":4},"end":{"line":71,"column":5}},"type":"if","locations":[{"start":{"line":69,"column":4},"end":{"line":71,"column":5}},{"start":{},"end":{}}],"line":69},"10":{"loc":{"start":{"line":73,"column":4},"end":{"line":75,"column":5}},"type":"if","locations":[{"start":{"line":73,"column":4},"end":{"line":75,"column":5}},{"start":{},"end":{}}],"line":73},"11":{"loc":{"start":{"line":85,"column":4},"end":{"line":87,"column":5}},"type":"if","locations":[{"start":{"line":85,"column":4},"end":{"line":87,"column":5}},{"start":{},"end":{}}],"line":85},"12":{"loc":{"start":{"line":97,"column":4},"end":{"line":99,"column":5}},"type":"if","locations":[{"start":{"line":97,"column":4},"end":{"line":99,"column":5}},{"start":{},"end":{}}],"line":97}},"s":{"0":6,"1":6,"2":6,"3":8,"4":8,"5":6,"6":2,"7":0,"8":2,"9":6,"10":4,"11":2,"12":2,"13":2,"14":4,"15":2,"16":1,"17":1,"18":0,"19":1,"20":6,"21":7,"22":7,"23":5,"24":2,"25":0,"26":2,"27":6,"28":4,"29":2,"30":2,"31":2,"32":5,"33":2,"34":1,"35":0,"36":1,"37":0,"38":1,"39":6,"40":2,"41":2,"42":1,"43":1,"44":0,"45":1,"46":6,"47":2,"48":2,"49":1,"50":1,"51":0,"52":1,"53":6},"f":{"0":8,"1":4,"2":4,"3":7,"4":4,"5":5,"6":2,"7":2},"b":{"0":[3],"1":[0,2],"2":[4],"3":[2,2],"4":[4,3],"5":[0,1],"6":[0,2],"7":[2,2],"8":[4,3],"9":[0,1],"10":[0,1],"11":[0,1],"12":[0,1]},"_coverageSchema":"1a1c01bbd47fc00a2c39e90264f33305004495a9","hash":"5992d3fb63a31625d73bfb7439eca35f8015bc4a"}
}
