{"C:\\Users\\ASUS\\OneDrive\\Desktop\\micro\\product\\src\\app.js": {"path":"C:\\Users\\ASUS\\OneDrive\\Desktop\\micro\\product\\src\\app.js","statementMap":{"0":{"start":{"line":1,"column":0},"end":{"line":1,"column":27}},"1":{"start":{"line":2,"column":16},"end":{"line":2,"column":34}},"2":{"start":{"line":3,"column":21},"end":{"line":3,"column":45}},"3":{"start":{"line":4,"column":22},"end":{"line":4,"column":55}},"4":{"start":{"line":6,"column":12},"end":{"line":6,"column":21}},"5":{"start":{"line":7,"column":0},"end":{"line":7,"column":24}},"6":{"start":{"line":8,"column":0},"end":{"line":8,"column":24}},"7":{"start":{"line":11,"column":0},"end":{"line":11,"column":39}},"8":{"start":{"line":14,"column":0},"end":{"line":24,"column":3}},"9":{"start":{"line":15,"column":2},"end":{"line":23,"column":3}},"10":{"start":{"line":16,"column":4},"end":{"line":18,"column":5}},"11":{"start":{"line":17,"column":6},"end":{"line":17,"column":23}},"12":{"start":{"line":19,"column":4},"end":{"line":22,"column":7}},"13":{"start":{"line":26,"column":0},"end":{"line":26,"column":21}}},"fnMap":{"0":{"name":"(anonymous_0)","decl":{"start":{"line":14,"column":8},"end":{"line":14,"column":9}},"loc":{"start":{"line":14,"column":33},"end":{"line":24,"column":1}},"line":14}},"branchMap":{"0":{"loc":{"start":{"line":15,"column":2},"end":{"line":23,"column":3}},"type":"if","locations":[{"start":{"line":15,"column":2},"end":{"line":23,"column":3}},{"start":{},"end":{}}],"line":15},"1":{"loc":{"start":{"line":16,"column":4},"end":{"line":18,"column":5}},"type":"if","locations":[{"start":{"line":16,"column":4},"end":{"line":18,"column":5}},{"start":{},"end":{}}],"line":16}},"s":{"0":2,"1":2,"2":2,"3":2,"4":2,"5":2,"6":2,"7":2,"8":2,"9":2,"10":2,"11":0,"12":2,"13":2},"f":{"0":2},"b":{"0":[2,0],"1":[0,2]},"_coverageSchema":"1a1c01bbd47fc00a2c39e90264f33305004495a9","hash":"ebde916ecc8761bb65390796000e215929ae32de"}
,"C:\\Users\\ASUS\\OneDrive\\Desktop\\micro\\product\\src\\config\\imagekit.config.js": {"path":"C:\\Users\\ASUS\\OneDrive\\Desktop\\micro\\product\\src\\config\\imagekit.config.js","statementMap":{"0":{"start":{"line":1,"column":17},"end":{"line":1,"column":36}},"1":{"start":{"line":4,"column":17},"end":{"line":8,"column":2}},"2":{"start":{"line":10,"column":0},"end":{"line":10,"column":26}}},"fnMap":{},"branchMap":{},"s":{"0":2,"1":2,"2":2},"f":{},"b":{},"_coverageSchema":"1a1c01bbd47fc00a2c39e90264f33305004495a9","hash":"5b49f1b79779ecb29ede8023aa85589c7b7f199a"}
,"C:\\Users\\ASUS\\OneDrive\\Desktop\\micro\\product\\src\\controllers\\product.controller.js": {"path":"C:\\Users\\ASUS\\OneDrive\\Desktop\\micro\\product\\src\\controllers\\product.controller.js","statementMap":{"0":{"start":{"line":1,"column":16},"end":{"line":1,"column":50}},"1":{"start":{"line":2,"column":33},"end":{"line":2,"column":75}},"2":{"start":{"line":4,"column":22},"end":{"line":47,"column":1}},"3":{"start":{"line":5,"column":2},"end":{"line":46,"column":3}},"4":{"start":{"line":6,"column":52},"end":{"line":6,"column":60}},"5":{"start":{"line":9,"column":19},"end":{"line":9,"column":50}},"6":{"start":{"line":11,"column":4},"end":{"line":16,"column":5}},"7":{"start":{"line":12,"column":6},"end":{"line":15,"column":9}},"8":{"start":{"line":18,"column":27},"end":{"line":18,"column":77}},"9":{"start":{"line":20,"column":20},"end":{"line":29,"column":6}},"10":{"start":{"line":31,"column":4},"end":{"line":35,"column":7}},"11":{"start":{"line":37,"column":4},"end":{"line":39,"column":5}},"12":{"start":{"line":38,"column":6},"end":{"line":38,"column":54}},"13":{"start":{"line":41,"column":4},"end":{"line":45,"column":7}},"14":{"start":{"line":49,"column":0},"end":{"line":51,"column":2}}},"fnMap":{"0":{"name":"(anonymous_0)","decl":{"start":{"line":4,"column":22},"end":{"line":4,"column":23}},"loc":{"start":{"line":4,"column":42},"end":{"line":47,"column":1}},"line":4}},"branchMap":{"0":{"loc":{"start":{"line":9,"column":19},"end":{"line":9,"column":50}},"type":"binary-expr","locations":[{"start":{"line":9,"column":19},"end":{"line":9,"column":34}},{"start":{"line":9,"column":38},"end":{"line":9,"column":50}}],"line":9},"1":{"loc":{"start":{"line":11,"column":4},"end":{"line":16,"column":5}},"type":"if","locations":[{"start":{"line":11,"column":4},"end":{"line":16,"column":5}},{"start":{},"end":{}}],"line":11},"2":{"loc":{"start":{"line":11,"column":8},"end":{"line":11,"column":24}},"type":"binary-expr","locations":[{"start":{"line":11,"column":8},"end":{"line":11,"column":14}},{"start":{"line":11,"column":18},"end":{"line":11,"column":24}}],"line":11},"3":{"loc":{"start":{"line":25,"column":18},"end":{"line":25,"column":35}},"type":"binary-expr","locations":[{"start":{"line":25,"column":18},"end":{"line":25,"column":26}},{"start":{"line":25,"column":30},"end":{"line":25,"column":35}}],"line":25},"4":{"loc":{"start":{"line":37,"column":4},"end":{"line":39,"column":5}},"type":"if","locations":[{"start":{"line":37,"column":4},"end":{"line":39,"column":5}},{"start":{},"end":{}}],"line":37}},"s":{"0":2,"1":2,"2":2,"3":27,"4":27,"5":27,"6":27,"7":0,"8":27,"9":25,"10":25,"11":2,"12":0,"13":2,"14":2},"f":{"0":27},"b":{"0":[27,0],"1":[0,27],"2":[27,27],"3":[25,8],"4":[0,2]},"_coverageSchema":"1a1c01bbd47fc00a2c39e90264f33305004495a9","hash":"1cb4d0c838abe4514006d2139d231132814c5265"}
,"C:\\Users\\ASUS\\OneDrive\\Desktop\\micro\\product\\src\\middlewares\\auth.middlerware.js": {"path":"C:\\Users\\ASUS\\OneDrive\\Desktop\\micro\\product\\src\\middlewares\\auth.middlerware.js","statementMap":{"0":{"start":{"line":1,"column":12},"end":{"line":1,"column":35}},"1":{"start":{"line":4,"column":2},"end":{"line":19,"column":4}},"2":{"start":{"line":6,"column":6},"end":{"line":6,"column":69}},"3":{"start":{"line":8,"column":4},"end":{"line":8,"column":74}},"4":{"start":{"line":8,"column":16},"end":{"line":8,"column":74}},"5":{"start":{"line":9,"column":4},"end":{"line":18,"column":5}},"6":{"start":{"line":10,"column":22},"end":{"line":10,"column":63}},"7":{"start":{"line":11,"column":6},"end":{"line":13,"column":7}},"8":{"start":{"line":12,"column":8},"end":{"line":12,"column":77}},"9":{"start":{"line":14,"column":6},"end":{"line":14,"column":25}},"10":{"start":{"line":15,"column":6},"end":{"line":15,"column":13}},"11":{"start":{"line":17,"column":6},"end":{"line":17,"column":57}},"12":{"start":{"line":22,"column":0},"end":{"line":22,"column":38}}},"fnMap":{"0":{"name":"createAuthMiddleware","decl":{"start":{"line":3,"column":9},"end":{"line":3,"column":29}},"loc":{"start":{"line":3,"column":48},"end":{"line":20,"column":1}},"line":3},"1":{"name":"authMiddleware","decl":{"start":{"line":4,"column":18},"end":{"line":4,"column":32}},"loc":{"start":{"line":4,"column":49},"end":{"line":19,"column":3}},"line":4}},"branchMap":{"0":{"loc":{"start":{"line":3,"column":30},"end":{"line":3,"column":46}},"type":"default-arg","locations":[{"start":{"line":3,"column":38},"end":{"line":3,"column":46}}],"line":3},"1":{"loc":{"start":{"line":6,"column":6},"end":{"line":6,"column":69}},"type":"binary-expr","locations":[{"start":{"line":6,"column":6},"end":{"line":6,"column":24}},{"start":{"line":6,"column":28},"end":{"line":6,"column":69}}],"line":6},"2":{"loc":{"start":{"line":8,"column":4},"end":{"line":8,"column":74}},"type":"if","locations":[{"start":{"line":8,"column":4},"end":{"line":8,"column":74}},{"start":{},"end":{}}],"line":8},"3":{"loc":{"start":{"line":11,"column":6},"end":{"line":13,"column":7}},"type":"if","locations":[{"start":{"line":11,"column":6},"end":{"line":13,"column":7}},{"start":{},"end":{}}],"line":11}},"s":{"0":0,"1":0,"2":0,"3":0,"4":0,"5":0,"6":0,"7":0,"8":0,"9":0,"10":0,"11":0,"12":0},"f":{"0":0,"1":0},"b":{"0":[0],"1":[0,0],"2":[0,0],"3":[0,0]}}
,"C:\\Users\\ASUS\\OneDrive\\Desktop\\micro\\product\\src\\middlewares\\upload.middleware.js": {"path":"C:\\Users\\ASUS\\OneDrive\\Desktop\\micro\\product\\src\\middlewares\\upload.middleware.js","statementMap":{"0":{"start":{"line":1,"column":15},"end":{"line":1,"column":32}},"1":{"start":{"line":2,"column":16},"end":{"line":2,"column":38}},"2":{"start":{"line":4,"column":19},"end":{"line":10,"column":1}},"3":{"start":{"line":5,"column":2},"end":{"line":9,"column":3}},"4":{"start":{"line":6,"column":4},"end":{"line":6,"column":19}},"5":{"start":{"line":8,"column":4},"end":{"line":8,"column":58}},"6":{"start":{"line":12,"column":15},"end":{"line":18,"column":2}},"7":{"start":{"line":20,"column":0},"end":{"line":20,"column":24}}},"fnMap":{"0":{"name":"(anonymous_0)","decl":{"start":{"line":4,"column":19},"end":{"line":4,"column":20}},"loc":{"start":{"line":4,"column":38},"end":{"line":10,"column":1}},"line":4}},"branchMap":{"0":{"loc":{"start":{"line":5,"column":2},"end":{"line":9,"column":3}},"type":"if","locations":[{"start":{"line":5,"column":2},"end":{"line":9,"column":3}},{"start":{"line":7,"column":9},"end":{"line":9,"column":3}}],"line":5}},"s":{"0":2,"1":2,"2":2,"3":17,"4":16,"5":1,"6":2,"7":2},"f":{"0":17},"b":{"0":[16,1]},"_coverageSchema":"1a1c01bbd47fc00a2c39e90264f33305004495a9","hash":"26d85c194d67a85be0711d705f7b3ad83c7f98ae"}
,"C:\\Users\\ASUS\\OneDrive\\Desktop\\micro\\product\\src\\middlewares\\validation.middleware.js": {"path":"C:\\Users\\ASUS\\OneDrive\\Desktop\\micro\\product\\src\\middlewares\\validation.middleware.js","statementMap":{"0":{"start":{"line":1,"column":35},"end":{"line":1,"column":63}},"1":{"start":{"line":3,"column":31},"end":{"line":19,"column":1}},"2":{"start":{"line":4,"column":17},"end":{"line":4,"column":38}},"3":{"start":{"line":6,"column":2},"end":{"line":16,"column":3}},"4":{"start":{"line":7,"column":4},"end":{"line":15,"column":7}},"5":{"start":{"line":10,"column":45},"end":{"line":14,"column":7}},"6":{"start":{"line":18,"column":2},"end":{"line":18,"column":9}},"7":{"start":{"line":21,"column":30},"end":{"line":51,"column":1}},"8":{"start":{"line":53,"column":30},"end":{"line":82,"column":1}},"9":{"start":{"line":84,"column":26},"end":{"line":91,"column":1}},"10":{"start":{"line":93,"column":0},"end":{"line":98,"column":2}}},"fnMap":{"0":{"name":"(anonymous_0)","decl":{"start":{"line":3,"column":31},"end":{"line":3,"column":32}},"loc":{"start":{"line":3,"column":51},"end":{"line":19,"column":1}},"line":3},"1":{"name":"(anonymous_1)","decl":{"start":{"line":10,"column":33},"end":{"line":10,"column":34}},"loc":{"start":{"line":10,"column":45},"end":{"line":14,"column":7}},"line":10}},"branchMap":{"0":{"loc":{"start":{"line":6,"column":2},"end":{"line":16,"column":3}},"type":"if","locations":[{"start":{"line":6,"column":2},"end":{"line":16,"column":3}},{"start":{},"end":{}}],"line":6},"1":{"loc":{"start":{"line":11,"column":15},"end":{"line":11,"column":40}},"type":"binary-expr","locations":[{"start":{"line":11,"column":15},"end":{"line":11,"column":25}},{"start":{"line":11,"column":29},"end":{"line":11,"column":40}}],"line":11}},"s":{"0":2,"1":2,"2":32,"3":32,"4":5,"5":7,"6":27,"7":2,"8":2,"9":2,"10":2},"f":{"0":32,"1":7},"b":{"0":[5,27],"1":[7,0]},"_coverageSchema":"1a1c01bbd47fc00a2c39e90264f33305004495a9","hash":"e57f43d7748e00add805a37f76c7bd21d02cbafc"}
,"C:\\Users\\ASUS\\OneDrive\\Desktop\\micro\\product\\src\\models\\product.model.js": {"path":"C:\\Users\\ASUS\\OneDrive\\Desktop\\micro\\product\\src\\models\\product.model.js","statementMap":{"0":{"start":{"line":1,"column":17},"end":{"line":1,"column":36}},"1":{"start":{"line":3,"column":22},"end":{"line":37,"column":1}},"2":{"start":{"line":39,"column":0},"end":{"line":39,"column":62}}},"fnMap":{},"branchMap":{},"s":{"0":2,"1":2,"2":2},"f":{},"b":{},"_coverageSchema":"1a1c01bbd47fc00a2c39e90264f33305004495a9","hash":"6f23784241877a81782298e2c9b509356f7ec979"}
,"C:\\Users\\ASUS\\OneDrive\\Desktop\\micro\\product\\src\\routes\\product.routs.js": {"path":"C:\\Users\\ASUS\\OneDrive\\Desktop\\micro\\product\\src\\routes\\product.routs.js","statementMap":{"0":{"start":{"line":1,"column":16},"end":{"line":1,"column":34}},"1":{"start":{"line":2,"column":25},"end":{"line":2,"column":69}},"2":{"start":{"line":3,"column":29},"end":{"line":3,"column":71}},"3":{"start":{"line":4,"column":15},"end":{"line":4,"column":58}},"4":{"start":{"line":5,"column":34},"end":{"line":5,"column":81}},"5":{"start":{"line":7,"column":15},"end":{"line":7,"column":31}},"6":{"start":{"line":9,"column":0},"end":{"line":15,"column":2}},"7":{"start":{"line":17,"column":0},"end":{"line":17,"column":24}}},"fnMap":{},"branchMap":{},"s":{"0":2,"1":2,"2":2,"3":2,"4":2,"5":2,"6":2,"7":2},"f":{},"b":{},"_coverageSchema":"1a1c01bbd47fc00a2c39e90264f33305004495a9","hash":"7088d908e887278f3e9ca5efc9911997bf2aa186"}
,"C:\\Users\\ASUS\\OneDrive\\Desktop\\micro\\product\\src\\services\\imageUpload.service.js": {"path":"C:\\Users\\ASUS\\OneDrive\\Desktop\\micro\\product\\src\\services\\imageUpload.service.js","statementMap":{"0":{"start":{"line":1,"column":17},"end":{"line":1,"column":53}},"1":{"start":{"line":2,"column":23},"end":{"line":2,"column":38}},"2":{"start":{"line":4,"column":26},"end":{"line":27,"column":1}},"3":{"start":{"line":9,"column":2},"end":{"line":26,"column":3}},"4":{"start":{"line":10,"column":27},"end":{"line":14,"column":6}},"5":{"start":{"line":16,"column":4},"end":{"line":20,"column":6}},"6":{"start":{"line":22,"column":4},"end":{"line":24,"column":5}},"7":{"start":{"line":23,"column":6},"end":{"line":23,"column":65}},"8":{"start":{"line":25,"column":4},"end":{"line":25,"column":64}},"9":{"start":{"line":29,"column":29},"end":{"line":47,"column":1}},"10":{"start":{"line":30,"column":2},"end":{"line":32,"column":3}},"11":{"start":{"line":31,"column":4},"end":{"line":31,"column":14}},"12":{"start":{"line":34,"column":2},"end":{"line":46,"column":3}},"13":{"start":{"line":35,"column":27},"end":{"line":37,"column":5}},"14":{"start":{"line":36,"column":6},"end":{"line":36,"column":63}},"15":{"start":{"line":39,"column":27},"end":{"line":39,"column":60}},"16":{"start":{"line":40,"column":4},"end":{"line":40,"column":26}},"17":{"start":{"line":42,"column":4},"end":{"line":44,"column":5}},"18":{"start":{"line":43,"column":6},"end":{"line":43,"column":63}},"19":{"start":{"line":45,"column":4},"end":{"line":45,"column":16}},"20":{"start":{"line":49,"column":20},"end":{"line":59,"column":1}},"21":{"start":{"line":50,"column":2},"end":{"line":58,"column":3}},"22":{"start":{"line":51,"column":4},"end":{"line":51,"column":38}},"23":{"start":{"line":52,"column":4},"end":{"line":52,"column":56}},"24":{"start":{"line":54,"column":4},"end":{"line":56,"column":5}},"25":{"start":{"line":55,"column":6},"end":{"line":55,"column":62}},"26":{"start":{"line":57,"column":4},"end":{"line":57,"column":64}},"27":{"start":{"line":61,"column":29},"end":{"line":78,"column":1}},"28":{"start":{"line":62,"column":2},"end":{"line":64,"column":3}},"29":{"start":{"line":63,"column":4},"end":{"line":63,"column":11}},"30":{"start":{"line":66,"column":2},"end":{"line":77,"column":3}},"31":{"start":{"line":67,"column":27},"end":{"line":67,"column":71}},"32":{"start":{"line":67,"column":51},"end":{"line":67,"column":70}},"33":{"start":{"line":68,"column":4},"end":{"line":68,"column":38}},"34":{"start":{"line":69,"column":4},"end":{"line":71,"column":5}},"35":{"start":{"line":70,"column":6},"end":{"line":70,"column":67}},"36":{"start":{"line":73,"column":4},"end":{"line":75,"column":5}},"37":{"start":{"line":74,"column":6},"end":{"line":74,"column":62}},"38":{"start":{"line":76,"column":4},"end":{"line":76,"column":16}},"39":{"start":{"line":80,"column":24},"end":{"line":90,"column":1}},"40":{"start":{"line":81,"column":2},"end":{"line":89,"column":3}},"41":{"start":{"line":82,"column":20},"end":{"line":82,"column":57}},"42":{"start":{"line":83,"column":4},"end":{"line":83,"column":19}},"43":{"start":{"line":85,"column":4},"end":{"line":87,"column":5}},"44":{"start":{"line":86,"column":6},"end":{"line":86,"column":73}},"45":{"start":{"line":88,"column":4},"end":{"line":88,"column":69}},"46":{"start":{"line":92,"column":27},"end":{"line":102,"column":1}},"47":{"start":{"line":93,"column":2},"end":{"line":101,"column":3}},"48":{"start":{"line":94,"column":27},"end":{"line":94,"column":76}},"49":{"start":{"line":95,"column":4},"end":{"line":95,"column":26}},"50":{"start":{"line":97,"column":4},"end":{"line":99,"column":5}},"51":{"start":{"line":98,"column":6},"end":{"line":98,"column":62}},"52":{"start":{"line":100,"column":4},"end":{"line":100,"column":64}},"53":{"start":{"line":104,"column":0},"end":{"line":111,"column":2}}},"fnMap":{"0":{"name":"(anonymous_0)","decl":{"start":{"line":4,"column":26},"end":{"line":4,"column":27}},"loc":{"start":{"line":8,"column":5},"end":{"line":27,"column":1}},"line":8},"1":{"name":"(anonymous_1)","decl":{"start":{"line":29,"column":29},"end":{"line":29,"column":30}},"loc":{"start":{"line":29,"column":68},"end":{"line":47,"column":1}},"line":29},"2":{"name":"(anonymous_2)","decl":{"start":{"line":35,"column":37},"end":{"line":35,"column":38}},"loc":{"start":{"line":36,"column":6},"end":{"line":36,"column":63}},"line":36},"3":{"name":"(anonymous_3)","decl":{"start":{"line":49,"column":20},"end":{"line":49,"column":21}},"loc":{"start":{"line":49,"column":38},"end":{"line":59,"column":1}},"line":49},"4":{"name":"(anonymous_4)","decl":{"start":{"line":61,"column":29},"end":{"line":61,"column":30}},"loc":{"start":{"line":61,"column":48},"end":{"line":78,"column":1}},"line":61},"5":{"name":"(anonymous_5)","decl":{"start":{"line":67,"column":39},"end":{"line":67,"column":40}},"loc":{"start":{"line":67,"column":51},"end":{"line":67,"column":70}},"line":67},"6":{"name":"(anonymous_6)","decl":{"start":{"line":80,"column":24},"end":{"line":80,"column":25}},"loc":{"start":{"line":80,"column":42},"end":{"line":90,"column":1}},"line":80},"7":{"name":"(anonymous_7)","decl":{"start":{"line":92,"column":27},"end":{"line":92,"column":28}},"loc":{"start":{"line":92,"column":54},"end":{"line":102,"column":1}},"line":92}},"branchMap":{"0":{"loc":{"start":{"line":7,"column":2},"end":{"line":7,"column":22}},"type":"default-arg","locations":[{"start":{"line":7,"column":11},"end":{"line":7,"column":22}}],"line":7},"1":{"loc":{"start":{"line":22,"column":4},"end":{"line":24,"column":5}},"type":"if","locations":[{"start":{"line":22,"column":4},"end":{"line":24,"column":5}},{"start":{},"end":{}}],"line":22},"2":{"loc":{"start":{"line":29,"column":43},"end":{"line":29,"column":63}},"type":"default-arg","locations":[{"start":{"line":29,"column":52},"end":{"line":29,"column":63}}],"line":29},"3":{"loc":{"start":{"line":30,"column":2},"end":{"line":32,"column":3}},"type":"if","locations":[{"start":{"line":30,"column":2},"end":{"line":32,"column":3}},{"start":{},"end":{}}],"line":30},"4":{"loc":{"start":{"line":30,"column":6},"end":{"line":30,"column":34}},"type":"binary-expr","locations":[{"start":{"line":30,"column":6},"end":{"line":30,"column":12}},{"start":{"line":30,"column":16},"end":{"line":30,"column":34}}],"line":30},"5":{"loc":{"start":{"line":42,"column":4},"end":{"line":44,"column":5}},"type":"if","locations":[{"start":{"line":42,"column":4},"end":{"line":44,"column":5}},{"start":{},"end":{}}],"line":42},"6":{"loc":{"start":{"line":54,"column":4},"end":{"line":56,"column":5}},"type":"if","locations":[{"start":{"line":54,"column":4},"end":{"line":56,"column":5}},{"start":{},"end":{}}],"line":54},"7":{"loc":{"start":{"line":62,"column":2},"end":{"line":64,"column":3}},"type":"if","locations":[{"start":{"line":62,"column":2},"end":{"line":64,"column":3}},{"start":{},"end":{}}],"line":62},"8":{"loc":{"start":{"line":62,"column":6},"end":{"line":62,"column":38}},"type":"binary-expr","locations":[{"start":{"line":62,"column":6},"end":{"line":62,"column":14}},{"start":{"line":62,"column":18},"end":{"line":62,"column":38}}],"line":62},"9":{"loc":{"start":{"line":69,"column":4},"end":{"line":71,"column":5}},"type":"if","locations":[{"start":{"line":69,"column":4},"end":{"line":71,"column":5}},{"start":{},"end":{}}],"line":69},"10":{"loc":{"start":{"line":73,"column":4},"end":{"line":75,"column":5}},"type":"if","locations":[{"start":{"line":73,"column":4},"end":{"line":75,"column":5}},{"start":{},"end":{}}],"line":73},"11":{"loc":{"start":{"line":85,"column":4},"end":{"line":87,"column":5}},"type":"if","locations":[{"start":{"line":85,"column":4},"end":{"line":87,"column":5}},{"start":{},"end":{}}],"line":85},"12":{"loc":{"start":{"line":97,"column":4},"end":{"line":99,"column":5}},"type":"if","locations":[{"start":{"line":97,"column":4},"end":{"line":99,"column":5}},{"start":{},"end":{}}],"line":97}},"s":{"0":3,"1":3,"2":3,"3":8,"4":8,"5":6,"6":2,"7":0,"8":2,"9":3,"10":4,"11":2,"12":2,"13":2,"14":4,"15":2,"16":1,"17":1,"18":0,"19":1,"20":3,"21":7,"22":7,"23":5,"24":2,"25":0,"26":2,"27":3,"28":4,"29":2,"30":2,"31":2,"32":5,"33":2,"34":1,"35":0,"36":1,"37":0,"38":1,"39":3,"40":2,"41":2,"42":1,"43":1,"44":0,"45":1,"46":3,"47":2,"48":2,"49":1,"50":1,"51":0,"52":1,"53":3},"f":{"0":8,"1":4,"2":4,"3":7,"4":4,"5":5,"6":2,"7":2},"b":{"0":[3],"1":[0,2],"2":[4],"3":[2,2],"4":[4,3],"5":[0,1],"6":[0,2],"7":[2,2],"8":[4,3],"9":[0,1],"10":[0,1],"11":[0,1],"12":[0,1]},"_coverageSchema":"1a1c01bbd47fc00a2c39e90264f33305004495a9","hash":"5992d3fb63a31625d73bfb7439eca35f8015bc4a"}
}
