TN:
SF:src\app.js
FN:14,(anonymous_0)
FNF:1
FNH:1
FNDA:2,(anonymous_0)
DA:1,2
DA:2,2
DA:3,2
DA:4,2
DA:6,2
DA:7,2
DA:8,2
DA:11,2
DA:14,2
DA:15,2
DA:16,2
DA:17,0
DA:19,2
DA:26,2
LF:14
LH:13
BRDA:15,0,0,2
BRDA:15,0,1,0
BRDA:16,1,0,0
BRDA:16,1,1,2
BRF:4
BRH:2
end_of_record
TN:
SF:src\config\imagekit.config.js
FNF:0
FNH:0
DA:1,2
DA:4,2
DA:10,2
LF:3
LH:3
BRF:0
BRH:0
end_of_record
TN:
SF:src\controllers\product.controller.js
FN:4,(anonymous_0)
FNF:1
FNH:1
FNDA:27,(anonymous_0)
DA:1,2
DA:2,2
DA:4,2
DA:5,27
DA:6,27
DA:9,27
DA:11,27
DA:12,0
DA:18,27
DA:20,25
DA:31,25
DA:37,2
DA:38,0
DA:41,2
DA:49,2
LF:15
LH:13
BRDA:9,0,0,27
BRDA:9,0,1,0
BRDA:11,1,0,0
BRDA:11,1,1,27
BRDA:11,2,0,27
BRDA:11,2,1,27
BRDA:25,3,0,25
BRDA:25,3,1,8
BRDA:37,4,0,0
BRDA:37,4,1,2
BRF:10
BRH:7
end_of_record
TN:
SF:src\middlewares\auth.middlerware.js
FN:3,createAuthMiddleware
FN:4,authMiddleware
FNF:2
FNH:0
FNDA:0,createAuthMiddleware
FNDA:0,authMiddleware
DA:1,0
DA:4,0
DA:6,0
DA:8,0
DA:9,0
DA:10,0
DA:11,0
DA:12,0
DA:14,0
DA:15,0
DA:17,0
DA:22,0
LF:12
LH:0
BRDA:3,0,0,0
BRDA:6,1,0,0
BRDA:6,1,1,0
BRDA:8,2,0,0
BRDA:8,2,1,0
BRDA:11,3,0,0
BRDA:11,3,1,0
BRF:7
BRH:0
end_of_record
TN:
SF:src\middlewares\upload.middleware.js
FN:4,(anonymous_0)
FNF:1
FNH:1
FNDA:17,(anonymous_0)
DA:1,2
DA:2,2
DA:4,2
DA:5,17
DA:6,16
DA:8,1
DA:12,2
DA:20,2
LF:8
LH:8
BRDA:5,0,0,16
BRDA:5,0,1,1
BRF:2
BRH:2
end_of_record
TN:
SF:src\middlewares\validation.middleware.js
FN:3,(anonymous_0)
FN:10,(anonymous_1)
FNF:2
FNH:2
FNDA:32,(anonymous_0)
FNDA:7,(anonymous_1)
DA:1,2
DA:3,2
DA:4,32
DA:6,32
DA:7,5
DA:10,7
DA:18,27
DA:21,2
DA:53,2
DA:84,2
DA:93,2
LF:11
LH:11
BRDA:6,0,0,5
BRDA:6,0,1,27
BRDA:11,1,0,7
BRDA:11,1,1,0
BRF:4
BRH:3
end_of_record
TN:
SF:src\models\product.model.js
FNF:0
FNH:0
DA:1,2
DA:3,2
DA:39,2
LF:3
LH:3
BRF:0
BRH:0
end_of_record
TN:
SF:src\routes\product.routs.js
FNF:0
FNH:0
DA:1,2
DA:2,2
DA:3,2
DA:4,2
DA:5,2
DA:7,2
DA:9,2
DA:17,2
LF:8
LH:8
BRF:0
BRH:0
end_of_record
TN:
SF:src\services\imageUpload.service.js
FN:4,(anonymous_0)
FN:29,(anonymous_1)
FN:35,(anonymous_2)
FN:49,(anonymous_3)
FN:61,(anonymous_4)
FN:67,(anonymous_5)
FN:80,(anonymous_6)
FN:92,(anonymous_7)
FNF:8
FNH:8
FNDA:8,(anonymous_0)
FNDA:4,(anonymous_1)
FNDA:4,(anonymous_2)
FNDA:7,(anonymous_3)
FNDA:4,(anonymous_4)
FNDA:5,(anonymous_5)
FNDA:2,(anonymous_6)
FNDA:2,(anonymous_7)
DA:1,3
DA:2,3
DA:4,3
DA:9,8
DA:10,8
DA:16,6
DA:22,2
DA:23,0
DA:25,2
DA:29,3
DA:30,4
DA:31,2
DA:34,2
DA:35,2
DA:36,4
DA:39,2
DA:40,1
DA:42,1
DA:43,0
DA:45,1
DA:49,3
DA:50,7
DA:51,7
DA:52,5
DA:54,2
DA:55,0
DA:57,2
DA:61,3
DA:62,4
DA:63,2
DA:66,2
DA:67,5
DA:68,2
DA:69,1
DA:70,0
DA:73,1
DA:74,0
DA:76,1
DA:80,3
DA:81,2
DA:82,2
DA:83,1
DA:85,1
DA:86,0
DA:88,1
DA:92,3
DA:93,2
DA:94,2
DA:95,1
DA:97,1
DA:98,0
DA:100,1
DA:104,3
LF:53
LH:46
BRDA:7,0,0,3
BRDA:22,1,0,0
BRDA:22,1,1,2
BRDA:29,2,0,4
BRDA:30,3,0,2
BRDA:30,3,1,2
BRDA:30,4,0,4
BRDA:30,4,1,3
BRDA:42,5,0,0
BRDA:42,5,1,1
BRDA:54,6,0,0
BRDA:54,6,1,2
BRDA:62,7,0,2
BRDA:62,7,1,2
BRDA:62,8,0,4
BRDA:62,8,1,3
BRDA:69,9,0,0
BRDA:69,9,1,1
BRDA:73,10,0,0
BRDA:73,10,1,1
BRDA:85,11,0,0
BRDA:85,11,1,1
BRDA:97,12,0,0
BRDA:97,12,1,1
BRF:24
BRH:17
end_of_record
