TN:
SF:src\app.js
FN:12,(anonymous_0)
FNF:1
FNH:1
FNDA:3,(anonymous_0)
DA:1,6
DA:2,6
DA:3,6
DA:4,6
DA:6,6
DA:7,6
DA:8,6
DA:10,6
DA:12,6
DA:13,3
DA:14,3
DA:19,2
DA:21,1
DA:23,0
DA:26,6
LF:15
LH:14
BRDA:13,0,0,3
BRDA:13,0,1,0
BRDA:14,1,0,2
BRDA:14,1,1,1
BRDA:15,2,0,3
BRDA:15,2,1,2
BRDA:15,2,2,1
BRF:7
BRH:6
end_of_record
TN:
SF:src\config\imagekit.config.js
FNF:0
FNH:0
DA:1,5
DA:4,5
DA:10,5
LF:3
LH:3
BRF:0
BRH:0
end_of_record
TN:
SF:src\controllers\product.controller.js
FN:8,createProduct
FN:47,getProducts
FN:77,getProductById
FN:90,updateProduct
FN:154,deleteProduct
FN:189,getProductsBySeller
FNF:6
FNH:6
FNDA:27,createProduct
FNDA:9,getProducts
FNDA:3,getProductById
FNDA:5,updateProduct
FNDA:4,deleteProduct
FNDA:3,getProductsBySeller
DA:1,6
DA:2,6
DA:6,6
DA:9,27
DA:10,27
DA:11,27
DA:13,27
DA:14,0
DA:20,27
DA:21,25
DA:29,25
DA:35,2
DA:36,0
DA:39,2
DA:48,9
DA:50,9
DA:52,9
DA:53,2
DA:55,9
DA:56,3
DA:61,9
DA:62,2
DA:67,9
DA:72,9
DA:78,3
DA:79,3
DA:80,2
DA:81,1
DA:85,1
DA:91,5
DA:92,5
DA:93,1
DA:98,4
DA:101,4
DA:102,1
DA:107,3
DA:108,1
DA:113,2
DA:115,2
DA:116,3
DA:117,3
DA:118,2
DA:120,0
DA:124,0
DA:127,0
DA:129,2
DA:134,1
DA:135,0
DA:140,1
DA:145,2
DA:147,2
DA:155,4
DA:156,4
DA:157,1
DA:162,3
DA:165,3
DA:166,1
DA:171,2
DA:172,1
DA:177,1
DA:178,1
DA:181,1
DA:183,1
DA:190,3
DA:191,3
DA:193,3
DA:200,3
DA:205,6
LF:68
LH:62
BRDA:11,0,0,27
BRDA:11,0,1,27
BRDA:13,1,0,0
BRDA:13,1,1,27
BRDA:13,2,0,27
BRDA:13,2,1,27
BRDA:24,3,0,25
BRDA:24,3,1,8
BRDA:35,4,0,0
BRDA:35,4,1,2
BRDA:48,5,0,8
BRDA:48,6,0,8
BRDA:52,7,0,2
BRDA:52,7,1,7
BRDA:55,8,0,3
BRDA:55,8,1,6
BRDA:61,9,0,2
BRDA:61,9,1,7
BRDA:80,10,0,1
BRDA:80,10,1,1
BRDA:92,11,0,1
BRDA:92,11,1,4
BRDA:101,12,0,1
BRDA:101,12,1,3
BRDA:107,13,0,1
BRDA:107,13,1,2
BRDA:116,14,0,3
BRDA:116,14,1,0
BRDA:117,15,0,2
BRDA:117,15,1,1
BRDA:118,16,0,0
BRDA:118,16,1,2
BRDA:118,17,0,2
BRDA:118,17,1,0
BRDA:120,18,0,0
BRDA:120,18,1,0
BRDA:124,19,0,0
BRDA:124,19,1,0
BRDA:134,20,0,0
BRDA:134,20,1,1
BRDA:156,21,0,1
BRDA:156,21,1,3
BRDA:165,22,0,1
BRDA:165,22,1,2
BRDA:171,23,0,1
BRDA:171,23,1,1
BRDA:177,24,0,1
BRDA:177,24,1,0
BRDA:177,25,0,1
BRDA:177,25,1,1
BRDA:191,26,0,3
BRDA:191,27,0,3
BRF:52
BRH:41
end_of_record
TN:
SF:src\middlewares\auth.middlerware.js
FN:3,createAuthMiddleware
FN:4,authMiddleware
FNF:2
FNH:1
FNDA:4,createAuthMiddleware
FNDA:0,authMiddleware
DA:1,1
DA:4,4
DA:6,0
DA:8,0
DA:9,0
DA:11,0
DA:12,0
DA:13,0
DA:14,0
DA:16,0
DA:17,0
DA:19,0
DA:24,1
LF:13
LH:3
BRDA:3,0,0,0
BRDA:6,1,0,0
BRDA:6,1,1,0
BRDA:8,2,0,0
BRDA:8,2,1,0
BRDA:13,3,0,0
BRDA:13,3,1,0
BRF:7
BRH:0
end_of_record
TN:
SF:src\middlewares\upload.middleware.js
FN:4,(anonymous_0)
FNF:1
FNH:1
FNDA:17,(anonymous_0)
DA:1,6
DA:2,6
DA:4,6
DA:5,17
DA:6,16
DA:8,1
DA:13,6
DA:15,6
DA:23,6
LF:9
LH:9
BRDA:5,0,0,16
BRDA:5,0,1,1
BRDA:13,1,0,6
BRDA:13,1,1,0
BRF:4
BRH:3
end_of_record
TN:
SF:src\middlewares\validation.middleware.js
FN:3,(anonymous_0)
FN:10,(anonymous_1)
FNF:2
FNH:2
FNDA:40,(anonymous_0)
FNDA:10,(anonymous_1)
DA:1,6
DA:3,6
DA:4,40
DA:6,40
DA:7,8
DA:10,10
DA:18,32
DA:21,6
DA:52,6
DA:83,6
DA:89,6
LF:11
LH:11
BRDA:6,0,0,8
BRDA:6,0,1,32
BRDA:11,1,0,10
BRDA:11,1,1,0
BRF:4
BRH:3
end_of_record
TN:
SF:src\models\product.model.js
FNF:0
FNH:0
DA:1,6
DA:3,6
DA:39,6
DA:41,6
DA:42,6
LF:5
LH:5
BRF:0
BRH:0
end_of_record
TN:
SF:src\routes\product.routs.js
FNF:0
FNH:0
DA:1,6
DA:2,6
DA:3,6
DA:4,6
DA:8,6
DA:10,6
DA:12,6
DA:20,6
DA:22,6
DA:28,6
DA:34,6
DA:39,6
DA:40,6
LF:13
LH:13
BRF:0
BRH:0
end_of_record
TN:
SF:src\services\imageUpload.service.js
FN:4,(anonymous_0)
FN:29,(anonymous_1)
FN:35,(anonymous_2)
FN:49,(anonymous_3)
FN:61,(anonymous_4)
FN:67,(anonymous_5)
FN:80,(anonymous_6)
FN:92,(anonymous_7)
FNF:8
FNH:8
FNDA:8,(anonymous_0)
FNDA:4,(anonymous_1)
FNDA:4,(anonymous_2)
FNDA:7,(anonymous_3)
FNDA:4,(anonymous_4)
FNDA:5,(anonymous_5)
FNDA:2,(anonymous_6)
FNDA:2,(anonymous_7)
DA:1,6
DA:2,6
DA:4,6
DA:9,8
DA:10,8
DA:16,6
DA:22,2
DA:23,0
DA:25,2
DA:29,6
DA:30,4
DA:31,2
DA:34,2
DA:35,2
DA:36,4
DA:39,2
DA:40,1
DA:42,1
DA:43,0
DA:45,1
DA:49,6
DA:50,7
DA:51,7
DA:52,5
DA:54,2
DA:55,0
DA:57,2
DA:61,6
DA:62,4
DA:63,2
DA:66,2
DA:67,5
DA:68,2
DA:69,1
DA:70,0
DA:73,1
DA:74,0
DA:76,1
DA:80,6
DA:81,2
DA:82,2
DA:83,1
DA:85,1
DA:86,0
DA:88,1
DA:92,6
DA:93,2
DA:94,2
DA:95,1
DA:97,1
DA:98,0
DA:100,1
DA:104,6
LF:53
LH:46
BRDA:7,0,0,3
BRDA:22,1,0,0
BRDA:22,1,1,2
BRDA:29,2,0,4
BRDA:30,3,0,2
BRDA:30,3,1,2
BRDA:30,4,0,4
BRDA:30,4,1,3
BRDA:42,5,0,0
BRDA:42,5,1,1
BRDA:54,6,0,0
BRDA:54,6,1,2
BRDA:62,7,0,2
BRDA:62,7,1,2
BRDA:62,8,0,4
BRDA:62,8,1,3
BRDA:69,9,0,0
BRDA:69,9,1,1
BRDA:73,10,0,0
BRDA:73,10,1,1
BRDA:85,11,0,0
BRDA:85,11,1,1
BRDA:97,12,0,0
BRDA:97,12,1,1
BRF:24
BRH:17
end_of_record
